batch = 534
Model: "sequential_1"
_________________________________________________________________
Layer (type)                 Output Shape              Param #   
=================================================================
dense_1 (Dense)              (None, 1024)              6423552   
_________________________________________________________________
batch_normalization_1 (Batch (None, 1024)              4096      
_________________________________________________________________
dense_2 (Dense)              (None, 1024)              1049600   
_________________________________________________________________
batch_normalization_2 (Batch (None, 1024)              4096      
_________________________________________________________________
reshape_1 (Reshape)          (None, 1, 1024)           0         
_________________________________________________________________
lstm_1 (LSTM)                (None, 1)                 4104      
=================================================================
Total params: 7,485,448
Trainable params: 7,481,352
Non-trainable params: 4,096
_________________________________________________________________
Epoch 1/15

  1/425 [..............................] - ETA: 16:27 - loss: 0.6102 - acc: 0.7828 - tp: 0.0000e+00 - tn: 0.8856
  2/425 [..............................] - ETA: 9:05 - loss: 0.4818 - acc: 0.8436 - tp: 0.0000e+00 - tn: 0.8950 
  3/425 [..............................] - ETA: 6:37 - loss: 0.6746 - acc: 0.6966 - tp: 0.0082 - tn: 0.9300    
  4/425 [..............................] - ETA: 5:22 - loss: 0.8298 - acc: 0.5225 - tp: 0.0061 - tn: 0.6975
  5/425 [..............................] - ETA: 4:39 - loss: 0.9239 - acc: 0.4180 - tp: 0.0049 - tn: 0.5580
  6/425 [..............................] - ETA: 4:10 - loss: 0.8290 - acc: 0.5041 - tp: 0.0041 - tn: 0.6208
  7/425 [..............................] - ETA: 3:49 - loss: 0.7613 - acc: 0.5572 - tp: 0.0035 - tn: 0.6573
  8/425 [..............................] - ETA: 3:35 - loss: 0.7145 - acc: 0.5955 - tp: 0.0252 - tn: 0.6943
  9/425 [..............................] - ETA: 3:23 - loss: 0.6799 - acc: 0.6215 - tp: 0.0224 - tn: 0.7203
 10/425 [..............................] - ETA: 3:13 - loss: 0.6989 - acc: 0.6019 - tp: 0.0202 - tn: 0.7449