Model: "sequential_1"
_________________________________________________________________
Layer (type)                 Output Shape              Param #   
=================================================================
reshape_1 (Reshape)          (None, 64, 64, 1)         0         
_________________________________________________________________
batch_normalization_1 (Batch (None, 64, 64, 1)         4         
_________________________________________________________________
conv2d_1 (Conv2D)            (None, 64, 64, 20)        520       
_________________________________________________________________
batch_normalization_2 (Batch (None, 64, 64, 20)        80        
_________________________________________________________________
activation_1 (Activation)    (None, 64, 64, 20)        0         
_________________________________________________________________
max_pooling2d_1 (MaxPooling2 (None, 32, 32, 20)        0         
_________________________________________________________________
conv2d_2 (Conv2D)            (None, 32, 32, 40)        7240      
_________________________________________________________________
batch_normalization_3 (Batch (None, 32, 32, 40)        160       
_________________________________________________________________
activation_2 (Activation)    (None, 32, 32, 40)        0         
_________________________________________________________________
max_pooling2d_2 (MaxPooling2 (None, 16, 16, 40)        0         
_________________________________________________________________
flatten_1 (Flatten)          (None, 10240)             0         
_________________________________________________________________
dense_1 (Dense)              (None, 256)               2621696   
_________________________________________________________________
batch_normalization_4 (Batch (None, 256)               1024      
_________________________________________________________________
activation_3 (Activation)    (None, 256)               0         
_________________________________________________________________
dense_2 (Dense)              (None, 1)                 257       
=================================================================
Total params: 2,630,981
Trainable params: 2,630,347
Non-trainable params: 634
_________________________________________________________________
Epoch 1/2

  1/425 [..............................] - ETA: 45:55 - loss: 0.9410 - acc: 0.4382 - tp: 0.8000 - tn: 0.0818
  2/425 [..............................] - ETA: 38:41 - loss: 0.6242 - acc: 0.6891 - tp: 0.8724 - tn: 0.5084
  3/425 [..............................] - ETA: 36:14 - loss: 0.7015 - acc: 0.7303 - tp: 0.8504 - tn: 0.6119
  4/425 [..............................] - ETA: 35:01 - loss: 0.9477 - acc: 0.6695 - tp: 0.7568 - tn: 0.5839
  5/425 [..............................] - ETA: 34:09 - loss: 1.0961 - acc: 0.6363 - tp: 0.7205 - tn: 0.5537
  6/425 [..............................] - ETA: 33:34 - loss: 1.3476 - acc: 0.6064 - tp: 0.6714 - tn: 0.5429
  7/425 [..............................] - ETA: 33:11 - loss: 1.2211 - acc: 0.6469 - tp: 0.7001 - tn: 0.5955
  8/425 [..............................] - ETA: 32:50 - loss: 1.1154 - acc: 0.6735 - tp: 0.7204 - tn: 0.6282
  9/425 [..............................] - ETA: 32:32 - loss: 1.0666 - acc: 0.6964 - tp: 0.7487 - tn: 0.6497
 10/425 [..............................] - ETA: 32:18 - loss: 1.1497 - acc: 0.6890 - tp: 0.7289 - tn: 0.6531
 11/425 [..............................] - ETA: 32:05 - loss: 1.2446 - acc: 0.6621 - tp: 0.7062 - tn: 0.6227
 12/425 [..............................] - ETA: 31:54 - loss: 1.1542 - acc: 0.6851 - tp: 0.7209 - tn: 0.6536
 13/425 [..............................] - ETA: 31:44 - loss: 1.2672 - acc: 0.6618 - tp: 0.6959 - tn: 0.6318
 14/425 [..............................] - ETA: 31:35 - loss: 1.1993 - acc: 0.6780 - tp: 0.7138 - tn: 0.6452
 15/425 [>.............................] - ETA: 31:25 - loss: 1.1618 - acc: 0.6883 - tp: 0.7176 - tn: 0.6619
 16/425 [>.............................] - ETA: 31:16 - loss: 1.1196 - acc: 0.6964 - tp: 0.7294 - tn: 0.6666
 17/425 [>.............................] - ETA: 31:08 - loss: 1.1053 - acc: 0.6941 - tp: 0.7281 - tn: 0.6637
 18/425 [>.............................] - ETA: 31:00 - loss: 1.0522 - acc: 0.7079 - tp: 0.7425 - tn: 0.6769
 19/425 [>.............................] - ETA: 30:53 - loss: 1.0175 - acc: 0.7165 - tp: 0.7476 - tn: 0.6893
 20/425 [>.............................] - ETA: 30:46 - loss: 0.9811 - acc: 0.7259 - tp: 0.7544 - tn: 0.7011
 21/425 [>.............................] - ETA: 30:41 - loss: 0.9782 - acc: 0.7282 - tp: 0.7602 - tn: 0.7000
 22/425 [>.............................] - ETA: 30:36 - loss: 0.9491 - acc: 0.7354 - tp: 0.7687 - tn: 0.7053
 23/425 [>.............................] - ETA: 30:30 - loss: 0.9168 - acc: 0.7438 - tp: 0.7775 - tn: 0.7131
 24/425 [>.............................] - ETA: 30:24 - loss: 0.8847 - acc: 0.7523 - tp: 0.7851 - tn: 0.7223
 25/425 [>.............................] - ETA: 30:18 - loss: 0.8840 - acc: 0.7546 - tp: 0.7845 - tn: 0.7272
 26/425 [>.............................] - ETA: 30:13 - loss: 0.8559 - acc: 0.7625 - tp: 0.7918 - tn: 0.7357
 27/425 [>.............................] - ETA: 30:08 - loss: 0.8467 - acc: 0.7647 - tp: 0.7968 - tn: 0.7352
 28/425 [>.............................] - ETA: 30:02 - loss: 0.8217 - acc: 0.7713 - tp: 0.8032 - tn: 0.7420
 29/425 [=>............................] - ETA: 29:57 - loss: 0.8819 - acc: 0.7529 - tp: 0.7860 - tn: 0.7209
 30/425 [=>............................] - ETA: 29:51 - loss: 0.8561 - acc: 0.7600 - tp: 0.7920 - tn: 0.7291
 31/425 [=>............................] - ETA: 29:45 - loss: 0.8423 - acc: 0.7627 - tp: 0.7917 - tn: 0.7360
 32/425 [=>............................] - ETA: 29:40 - loss: 0.8806 - acc: 0.7484 - tp: 0.7748 - tn: 0.7245
 33/425 [=>............................] - ETA: 29:34 - loss: 0.8567 - acc: 0.7554 - tp: 0.7805 - tn: 0.7328
 34/425 [=>............................] - ETA: 29:29 - loss: 0.8510 - acc: 0.7558 - tp: 0.7808 - tn: 0.7331
 35/425 [=>............................] - ETA: 29:24 - loss: 0.8384 - acc: 0.7592 - tp: 0.7857 - tn: 0.7354
 36/425 [=>............................] - ETA: 29:18 - loss: 0.8175 - acc: 0.7654 - tp: 0.7906 - tn: 0.7427
 37/425 [=>............................] - ETA: 29:13 - loss: 0.8181 - acc: 0.7624 - tp: 0.7874 - tn: 0.7399
 38/425 [=>............................] - ETA: 29:08 - loss: 0.8009 - acc: 0.7666 - tp: 0.7887 - tn: 0.7467
 39/425 [=>............................] - ETA: 29:02 - loss: 0.7878 - acc: 0.7698 - tp: 0.7933 - tn: 0.7489
 40/425 [=>............................] - ETA: 28:57 - loss: 0.7750 - acc: 0.7733 - tp: 0.7948 - tn: 0.7548
 41/425 [=>............................] - ETA: 28:52 - loss: 0.7634 - acc: 0.7760 - tp: 0.7986 - tn: 0.7567
 42/425 [=>............................] - ETA: 28:48 - loss: 0.7592 - acc: 0.7751 - tp: 0.7980 - tn: 0.7555
 43/425 [==>...........................] - ETA: 28:43 - loss: 0.7466 - acc: 0.7779 - tp: 0.7991 - tn: 0.7598
 44/425 [==>...........................] - ETA: 28:38 - loss: 0.7351 - acc: 0.7810 - tp: 0.8025 - tn: 0.7626
 45/425 [==>...........................] - ETA: 28:33 - loss: 0.7223 - acc: 0.7846 - tp: 0.8051 - tn: 0.7673
 46/425 [==>...........................] - ETA: 28:28 - loss: 0.7174 - acc: 0.7850 - tp: 0.8050 - tn: 0.7680
 47/425 [==>...........................] - ETA: 28:23 - loss: 0.7112 - acc: 0.7865 - tp: 0.8065 - tn: 0.7695
 48/425 [==>...........................] - ETA: 28:18 - loss: 0.6998 - acc: 0.7901 - tp: 0.8098 - tn: 0.7735
 49/425 [==>...........................] - ETA: 28:14 - loss: 0.6889 - acc: 0.7935 - tp: 0.8129 - tn: 0.7769
 50/425 [==>...........................] - ETA: 28:08 - loss: 0.6832 - acc: 0.7939 - tp: 0.8117 - tn: 0.7792
 51/425 [==>...........................] - ETA: 28:03 - loss: 0.6725 - acc: 0.7971 - tp: 0.8140 - tn: 0.7833
 52/425 [==>...........................] - ETA: 28:04 - loss: 0.6728 - acc: 0.7958 - tp: 0.8127 - tn: 0.7820
 53/425 [==>...........................] - ETA: 28:03 - loss: 0.6624 - acc: 0.7990 - tp: 0.8151 - tn: 0.7859
 54/425 [==>...........................] - ETA: 28:03 - loss: 0.6531 - acc: 0.8017 - tp: 0.8168 - tn: 0.7899
 55/425 [==>...........................] - ETA: 28:03 - loss: 0.6440 - acc: 0.8047 - tp: 0.8198 - tn: 0.7928
 56/425 [==>...........................] - ETA: 28:01 - loss: 0.6394 - acc: 0.8050 - tp: 0.8213 - tn: 0.7922
 57/425 [===>..........................] - ETA: 28:02 - loss: 0.6331 - acc: 0.8062 - tp: 0.8231 - tn: 0.7928
 58/425 [===>..........................] - ETA: 28:00 - loss: 0.6334 - acc: 0.8051 - tp: 0.8200 - tn: 0.7934
 59/425 [===>..........................] - ETA: 27:59 - loss: 0.6291 - acc: 0.8057 - tp: 0.8201 - tn: 0.7944
 60/425 [===>..........................] - ETA: 27:57 - loss: 0.6211 - acc: 0.8083 - tp: 0.8230 - tn: 0.7968
 61/425 [===>..........................] - ETA: 27:55 - loss: 0.6134 - acc: 0.8108 - tp: 0.8257 - tn: 0.7991
 62/425 [===>..........................] - ETA: 27:53 - loss: 0.6073 - acc: 0.8123 - tp: 0.8275 - tn: 0.8001
 63/425 [===>..........................] - ETA: 27:51 - loss: 0.6041 - acc: 0.8128 - tp: 0.8280 - tn: 0.8006
 64/425 [===>..........................] - ETA: 27:51 - loss: 0.5982 - acc: 0.8143 - tp: 0.8281 - tn: 0.8033
 65/425 [===>..........................] - ETA: 27:48 - loss: 0.5937 - acc: 0.8154 - tp: 0.8298 - tn: 0.8040
 66/425 [===>..........................] - ETA: 27:46 - loss: 0.5897 - acc: 0.8167 - tp: 0.8308 - tn: 0.8055
 67/425 [===>..........................] - ETA: 27:43 - loss: 0.5831 - acc: 0.8187 - tp: 0.8332 - tn: 0.8073
 68/425 [===>..........................] - ETA: 27:40 - loss: 0.5776 - acc: 0.8204 - tp: 0.8341 - tn: 0.8096
 69/425 [===>..........................] - ETA: 27:37 - loss: 0.5743 - acc: 0.8210 - tp: 0.8349 - tn: 0.8099
 70/425 [===>..........................] - ETA: 27:34 - loss: 0.5692 - acc: 0.8226 - tp: 0.8365 - tn: 0.8115
 71/425 [====>.........................] - ETA: 27:32 - loss: 0.5629 - acc: 0.8248 - tp: 0.8385 - tn: 0.8137
 72/425 [====>.........................] - ETA: 27:30 - loss: 0.5617 - acc: 0.8243 - tp: 0.8368 - tn: 0.8146
 73/425 [====>.........................] - ETA: 27:28 - loss: 0.5603 - acc: 0.8236 - tp: 0.8362 - tn: 0.8138
 74/425 [====>.........................] - ETA: 27:25 - loss: 0.5802 - acc: 0.8187 - tp: 0.8303 - tn: 0.8092
 75/425 [====>.........................] - ETA: 27:23 - loss: 0.5743 - acc: 0.8207 - tp: 0.8323 - tn: 0.8112
 76/425 [====>.........................] - ETA: 27:20 - loss: 0.5690 - acc: 0.8223 - tp: 0.8328 - tn: 0.8136
 77/425 [====>.........................] - ETA: 27:17 - loss: 0.5655 - acc: 0.8230 - tp: 0.8337 - tn: 0.8141
 78/425 [====>.........................] - ETA: 27:14 - loss: 0.5600 - acc: 0.8248 - tp: 0.8355 - tn: 0.8159
 79/425 [====>.........................] - ETA: 27:11 - loss: 0.5552 - acc: 0.8262 - tp: 0.8369 - tn: 0.8173
 80/425 [====>.........................] - ETA: 27:08 - loss: 0.5520 - acc: 0.8271 - tp: 0.8376 - tn: 0.8184
 81/425 [====>.........................] - ETA: 27:05 - loss: 0.5461 - acc: 0.8291 - tp: 0.8394 - tn: 0.8205
 82/425 [====>.........................] - ETA: 27:02 - loss: 0.5431 - acc: 0.8297 - tp: 0.8394 - tn: 0.8215
 83/425 [====>.........................] - ETA: 26:59 - loss: 0.5381 - acc: 0.8314 - tp: 0.8412 - tn: 0.8233
 84/425 [====>.........................] - ETA: 26:56 - loss: 0.5340 - acc: 0.8324 - tp: 0.8409 - tn: 0.8253
 85/425 [=====>........................] - ETA: 26:53 - loss: 0.5308 - acc: 0.8335 - tp: 0.8417 - tn: 0.8267
 86/425 [=====>........................] - ETA: 26:50 - loss: 0.5261 - acc: 0.8351 - tp: 0.8433 - tn: 0.8284
 87/425 [=====>........................] - ETA: 26:47 - loss: 0.5226 - acc: 0.8360 - tp: 0.8435 - tn: 0.8300
 88/425 [=====>........................] - ETA: 26:44 - loss: 0.5189 - acc: 0.8371 - tp: 0.8443 - tn: 0.8314
 89/425 [=====>........................] - ETA: 26:41 - loss: 0.5156 - acc: 0.8384 - tp: 0.8453 - tn: 0.8329
 90/425 [=====>........................] - ETA: 26:37 - loss: 0.5122 - acc: 0.8396 - tp: 0.8461 - tn: 0.8347
 91/425 [=====>........................] - ETA: 26:34 - loss: 0.5101 - acc: 0.8400 - tp: 0.8460 - tn: 0.8354
 92/425 [=====>........................] - ETA: 26:30 - loss: 0.5060 - acc: 0.8412 - tp: 0.8471 - tn: 0.8367
 93/425 [=====>........................] - ETA: 26:27 - loss: 0.5016 - acc: 0.8426 - tp: 0.8483 - tn: 0.8384
 94/425 [=====>........................] - ETA: 26:22 - loss: 0.4988 - acc: 0.8434 - tp: 0.8490 - tn: 0.8391
 95/425 [=====>........................] - ETA: 26:19 - loss: 0.4947 - acc: 0.8447 - tp: 0.8503 - tn: 0.8406
 96/425 [=====>........................] - ETA: 26:15 - loss: 0.4916 - acc: 0.8459 - tp: 0.8512 - tn: 0.8420
 97/425 [=====>........................] - ETA: 26:11 - loss: 0.4943 - acc: 0.8449 - tp: 0.8491 - tn: 0.8430
 98/425 [=====>........................] - ETA: 26:07 - loss: 0.4902 - acc: 0.8464 - tp: 0.8506 - tn: 0.8444
 99/425 [=====>........................] - ETA: 26:04 - loss: 0.4870 - acc: 0.8472 - tp: 0.8511 - tn: 0.8455
100/425 [======>.......................] - ETA: 26:00 - loss: 0.4861 - acc: 0.8468 - tp: 0.8505 - tn: 0.8451
101/425 [======>.......................] - ETA: 25:56 - loss: 0.4840 - acc: 0.8471 - tp: 0.8512 - tn: 0.8451
102/425 [======>.......................] - ETA: 25:52 - loss: 0.4808 - acc: 0.8482 - tp: 0.8522 - tn: 0.8463
103/425 [======>.......................] - ETA: 25:48 - loss: 0.4778 - acc: 0.8491 - tp: 0.8528 - tn: 0.8474
104/425 [======>.......................] - ETA: 25:44 - loss: 0.4758 - acc: 0.8496 - tp: 0.8534 - tn: 0.8478
105/425 [======>.......................] - ETA: 25:40 - loss: 0.4742 - acc: 0.8496 - tp: 0.8531 - tn: 0.8480
106/425 [======>.......................] - ETA: 25:36 - loss: 0.4727 - acc: 0.8497 - tp: 0.8523 - tn: 0.8495
107/425 [======>.......................] - ETA: 25:32 - loss: 0.4696 - acc: 0.8507 - tp: 0.8531 - tn: 0.8506
108/425 [======>.......................] - ETA: 25:28 - loss: 0.4664 - acc: 0.8517 - tp: 0.8543 - tn: 0.8516
109/425 [======>.......................] - ETA: 25:24 - loss: 0.4632 - acc: 0.8527 - tp: 0.8548 - tn: 0.8529
110/425 [======>.......................] - ETA: 25:20 - loss: 0.4617 - acc: 0.8529 - tp: 0.8554 - tn: 0.8528
111/425 [======>.......................] - ETA: 25:16 - loss: 0.4587 - acc: 0.8538 - tp: 0.8567 - tn: 0.8534
112/425 [======>.......................] - ETA: 25:12 - loss: 0.4573 - acc: 0.8540 - tp: 0.8571 - tn: 0.8534
113/425 [======>.......................] - ETA: 25:07 - loss: 0.4572 - acc: 0.8535 - tp: 0.8575 - tn: 0.8521
114/425 [=======>......................] - ETA: 25:02 - loss: 0.4550 - acc: 0.8541 - tp: 0.8582 - tn: 0.8525
115/425 [=======>......................] - ETA: 24:58 - loss: 0.4535 - acc: 0.8544 - tp: 0.8588 - tn: 0.8525
116/425 [=======>......................] - ETA: 24:54 - loss: 0.4510 - acc: 0.8552 - tp: 0.8594 - tn: 0.8535
117/425 [=======>......................] - ETA: 24:50 - loss: 0.4483 - acc: 0.8561 - tp: 0.8603 - tn: 0.8543
118/425 [=======>......................] - ETA: 24:45 - loss: 0.4462 - acc: 0.8568 - tp: 0.8609 - tn: 0.8551
119/425 [=======>......................] - ETA: 24:41 - loss: 0.4458 - acc: 0.8567 - tp: 0.8613 - tn: 0.8547
120/425 [=======>......................] - ETA: 24:37 - loss: 0.4435 - acc: 0.8573 - tp: 0.8621 - tn: 0.8553
121/425 [=======>......................] - ETA: 24:33 - loss: 0.4405 - acc: 0.8583 - tp: 0.8630 - tn: 0.8564
122/425 [=======>......................] - ETA: 24:28 - loss: 0.4389 - acc: 0.8587 - tp: 0.8638 - tn: 0.8562
123/425 [=======>......................] - ETA: 24:24 - loss: 0.4367 - acc: 0.8593 - tp: 0.8640 - tn: 0.8574
124/425 [=======>......................] - ETA: 24:19 - loss: 0.4353 - acc: 0.8594 - tp: 0.8641 - tn: 0.8576
125/425 [=======>......................] - ETA: 24:15 - loss: 0.4338 - acc: 0.8597 - tp: 0.8647 - tn: 0.8575
126/425 [=======>......................] - ETA: 24:11 - loss: 0.4310 - acc: 0.8606 - tp: 0.8657 - tn: 0.8583
127/425 [=======>......................] - ETA: 24:07 - loss: 0.4284 - acc: 0.8616 - tp: 0.8667 - tn: 0.8592
128/425 [========>.....................] - ETA: 24:02 - loss: 0.4280 - acc: 0.8613 - tp: 0.8661 - tn: 0.8591
129/425 [========>.....................] - ETA: 23:58 - loss: 0.4265 - acc: 0.8616 - tp: 0.8667 - tn: 0.8591
130/425 [========>.....................] - ETA: 23:54 - loss: 0.4238 - acc: 0.8624 - tp: 0.8674 - tn: 0.8602
131/425 [========>.....................] - ETA: 23:50 - loss: 0.4218 - acc: 0.8631 - tp: 0.8680 - tn: 0.8609
132/425 [========>.....................] - ETA: 23:46 - loss: 0.4198 - acc: 0.8638 - tp: 0.8686 - tn: 0.8617
133/425 [========>.....................] - ETA: 23:41 - loss: 0.4187 - acc: 0.8641 - tp: 0.8687 - tn: 0.8621
134/425 [========>.....................] - ETA: 23:36 - loss: 0.4182 - acc: 0.8641 - tp: 0.8692 - tn: 0.8618
135/425 [========>.....................] - ETA: 23:32 - loss: 0.4169 - acc: 0.8644 - tp: 0.8700 - tn: 0.8616
136/425 [========>.....................] - ETA: 23:27 - loss: 0.4150 - acc: 0.8649 - tp: 0.8704 - tn: 0.8623
137/425 [========>.....................] - ETA: 23:23 - loss: 0.4138 - acc: 0.8652 - tp: 0.8710 - tn: 0.8622
138/425 [========>.....................] - ETA: 23:18 - loss: 0.4125 - acc: 0.8655 - tp: 0.8714 - tn: 0.8625
139/425 [========>.....................] - ETA: 23:14 - loss: 0.4105 - acc: 0.8663 - tp: 0.8718 - tn: 0.8635
140/425 [========>.....................] - ETA: 23:09 - loss: 0.4098 - acc: 0.8664 - tp: 0.8718 - tn: 0.8637
141/425 [========>.....................] - ETA: 23:05 - loss: 0.4083 - acc: 0.8669 - tp: 0.8725 - tn: 0.8640
142/425 [=========>....................] - ETA: 23:00 - loss: 0.4062 - acc: 0.8675 - tp: 0.8730 - tn: 0.8647
143/425 [=========>....................] - ETA: 22:56 - loss: 0.4041 - acc: 0.8681 - tp: 0.8732 - tn: 0.8656
144/425 [=========>....................] - ETA: 22:51 - loss: 0.4071 - acc: 0.8663 - tp: 0.8710 - tn: 0.8639
145/425 [=========>....................] - ETA: 22:47 - loss: 0.4052 - acc: 0.8670 - tp: 0.8717 - tn: 0.8646
146/425 [=========>....................] - ETA: 22:42 - loss: 0.4040 - acc: 0.8671 - tp: 0.8716 - tn: 0.8650
147/425 [=========>....................] - ETA: 22:38 - loss: 0.4022 - acc: 0.8678 - tp: 0.8721 - tn: 0.8657
148/425 [=========>....................] - ETA: 22:33 - loss: 0.4005 - acc: 0.8684 - tp: 0.8725 - tn: 0.8665
149/425 [=========>....................] - ETA: 22:28 - loss: 0.3982 - acc: 0.8692 - tp: 0.8733 - tn: 0.8673
150/425 [=========>....................] - ETA: 22:23 - loss: 0.3964 - acc: 0.8699 - tp: 0.8737 - tn: 0.8682
151/425 [=========>....................] - ETA: 22:19 - loss: 0.3948 - acc: 0.8705 - tp: 0.8742 - tn: 0.8689
152/425 [=========>....................] - ETA: 22:14 - loss: 0.3930 - acc: 0.8712 - tp: 0.8748 - tn: 0.8697
153/425 [=========>....................] - ETA: 22:10 - loss: 0.3913 - acc: 0.8717 - tp: 0.8748 - tn: 0.8706
154/425 [=========>....................] - ETA: 22:05 - loss: 0.3897 - acc: 0.8722 - tp: 0.8752 - tn: 0.8713
155/425 [=========>....................] - ETA: 22:01 - loss: 0.3881 - acc: 0.8728 - tp: 0.8756 - tn: 0.8721
156/425 [==========>...................] - ETA: 21:56 - loss: 0.3884 - acc: 0.8723 - tp: 0.8754 - tn: 0.8715
157/425 [==========>...................] - ETA: 21:51 - loss: 0.3865 - acc: 0.8730 - tp: 0.8761 - tn: 0.8723
158/425 [==========>...................] - ETA: 21:47 - loss: 0.3848 - acc: 0.8736 - tp: 0.8766 - tn: 0.8729
159/425 [==========>...................] - ETA: 21:42 - loss: 0.3837 - acc: 0.8738 - tp: 0.8766 - tn: 0.8733
160/425 [==========>...................] - ETA: 21:37 - loss: 0.3820 - acc: 0.8745 - tp: 0.8773 - tn: 0.8739
161/425 [==========>...................] - ETA: 21:33 - loss: 0.3803 - acc: 0.8751 - tp: 0.8779 - tn: 0.8746
162/425 [==========>...................] - ETA: 21:28 - loss: 0.3785 - acc: 0.8757 - tp: 0.8782 - tn: 0.8753
163/425 [==========>...................] - ETA: 21:23 - loss: 0.3769 - acc: 0.8762 - tp: 0.8785 - tn: 0.8760
164/425 [==========>...................] - ETA: 21:19 - loss: 0.3758 - acc: 0.8765 - tp: 0.8787 - tn: 0.8764
165/425 [==========>...................] - ETA: 21:15 - loss: 0.3747 - acc: 0.8769 - tp: 0.8792 - tn: 0.8767
166/425 [==========>...................] - ETA: 21:10 - loss: 0.3730 - acc: 0.8775 - tp: 0.8796 - tn: 0.8774
167/425 [==========>...................] - ETA: 21:05 - loss: 0.3716 - acc: 0.8780 - tp: 0.8800 - tn: 0.8781
168/425 [==========>...................] - ETA: 21:00 - loss: 0.3699 - acc: 0.8786 - tp: 0.8806 - tn: 0.8788
169/425 [==========>...................] - ETA: 20:56 - loss: 0.3684 - acc: 0.8791 - tp: 0.8807 - tn: 0.8795
170/425 [===========>..................] - ETA: 20:51 - loss: 0.3672 - acc: 0.8795 - tp: 0.8811 - tn: 0.8800
171/425 [===========>..................] - ETA: 20:47 - loss: 0.3658 - acc: 0.8800 - tp: 0.8815 - tn: 0.8806
172/425 [===========>..................] - ETA: 20:42 - loss: 0.3645 - acc: 0.8804 - tp: 0.8819 - tn: 0.8810
173/425 [===========>..................] - ETA: 20:38 - loss: 0.3636 - acc: 0.8807 - tp: 0.8823 - tn: 0.8811
174/425 [===========>..................] - ETA: 20:33 - loss: 0.3624 - acc: 0.8812 - tp: 0.8826 - tn: 0.8818
175/425 [===========>..................] - ETA: 20:28 - loss: 0.3618 - acc: 0.8813 - tp: 0.8826 - tn: 0.8821
176/425 [===========>..................] - ETA: 20:24 - loss: 0.3603 - acc: 0.8819 - tp: 0.8831 - tn: 0.8828
177/425 [===========>..................] - ETA: 20:19 - loss: 0.3597 - acc: 0.8821 - tp: 0.8831 - tn: 0.8831
178/425 [===========>..................] - ETA: 20:14 - loss: 0.3595 - acc: 0.8820 - tp: 0.8837 - tn: 0.8829
179/425 [===========>..................] - ETA: 20:09 - loss: 0.3579 - acc: 0.8825 - tp: 0.8843 - tn: 0.8834
180/425 [===========>..................] - ETA: 20:05 - loss: 0.3569 - acc: 0.8829 - tp: 0.8848 - tn: 0.8836
181/425 [===========>..................] - ETA: 20:00 - loss: 0.3556 - acc: 0.8833 - tp: 0.8853 - tn: 0.8840
182/425 [===========>..................] - ETA: 19:55 - loss: 0.3540 - acc: 0.8838 - tp: 0.8858 - tn: 0.8846
183/425 [===========>..................] - ETA: 19:50 - loss: 0.3524 - acc: 0.8843 - tp: 0.8863 - tn: 0.8851
184/425 [===========>..................] - ETA: 19:46 - loss: 0.3511 - acc: 0.8848 - tp: 0.8868 - tn: 0.8854
185/425 [============>.................] - ETA: 19:41 - loss: 0.3503 - acc: 0.8849 - tp: 0.8868 - tn: 0.8856
186/425 [============>.................] - ETA: 19:36 - loss: 0.3489 - acc: 0.8854 - tp: 0.8872 - tn: 0.8861
187/425 [============>.................] - ETA: 19:32 - loss: 0.3474 - acc: 0.8859 - tp: 0.8878 - tn: 0.8866
188/425 [============>.................] - ETA: 19:27 - loss: 0.3466 - acc: 0.8862 - tp: 0.8880 - tn: 0.8870
189/425 [============>.................] - ETA: 19:22 - loss: 0.3457 - acc: 0.8864 - tp: 0.8882 - tn: 0.8872
190/425 [============>.................] - ETA: 19:18 - loss: 0.3444 - acc: 0.8868 - tp: 0.8886 - tn: 0.8876
191/425 [============>.................] - ETA: 19:13 - loss: 0.3431 - acc: 0.8871 - tp: 0.8885 - tn: 0.8882
192/425 [============>.................] - ETA: 19:08 - loss: 0.3418 - acc: 0.8876 - tp: 0.8889 - tn: 0.8887
193/425 [============>.................] - ETA: 19:04 - loss: 0.3408 - acc: 0.8879 - tp: 0.8893 - tn: 0.8888
194/425 [============>.................] - ETA: 18:59 - loss: 0.3395 - acc: 0.8883 - tp: 0.8897 - tn: 0.8892
195/425 [============>.................] - ETA: 18:54 - loss: 0.3382 - acc: 0.8888 - tp: 0.8902 - tn: 0.8898
196/425 [============>.................] - ETA: 18:49 - loss: 0.3368 - acc: 0.8893 - tp: 0.8906 - tn: 0.8902
197/425 [============>.................] - ETA: 18:44 - loss: 0.3363 - acc: 0.8892 - tp: 0.8903 - tn: 0.8904
198/425 [============>.................] - ETA: 18:40 - loss: 0.3348 - acc: 0.8897 - tp: 0.8907 - tn: 0.8909
199/425 [=============>................] - ETA: 18:35 - loss: 0.3350 - acc: 0.8894 - tp: 0.8904 - tn: 0.8907
200/425 [=============>................] - ETA: 18:30 - loss: 0.3338 - acc: 0.8899 - tp: 0.8909 - tn: 0.8911
201/425 [=============>................] - ETA: 18:25 - loss: 0.3325 - acc: 0.8903 - tp: 0.8913 - tn: 0.8915
202/425 [=============>................] - ETA: 18:20 - loss: 0.3312 - acc: 0.8907 - tp: 0.8916 - tn: 0.8920
203/425 [=============>................] - ETA: 18:16 - loss: 0.3299 - acc: 0.8911 - tp: 0.8920 - tn: 0.8925
204/425 [=============>................] - ETA: 18:11 - loss: 0.3289 - acc: 0.8914 - tp: 0.8923 - tn: 0.8928
205/425 [=============>................] - ETA: 18:06 - loss: 0.3285 - acc: 0.8916 - tp: 0.8927 - tn: 0.8927
206/425 [=============>................] - ETA: 18:01 - loss: 0.3272 - acc: 0.8920 - tp: 0.8931 - tn: 0.8931
207/425 [=============>................] - ETA: 17:56 - loss: 0.3264 - acc: 0.8923 - tp: 0.8935 - tn: 0.8932
208/425 [=============>................] - ETA: 17:51 - loss: 0.3251 - acc: 0.8927 - tp: 0.8940 - tn: 0.8937
209/425 [=============>................] - ETA: 17:46 - loss: 0.3240 - acc: 0.8931 - tp: 0.8943 - tn: 0.8942
210/425 [=============>................] - ETA: 17:42 - loss: 0.3227 - acc: 0.8935 - tp: 0.8946 - tn: 0.8946
211/425 [=============>................] - ETA: 17:37 - loss: 0.3215 - acc: 0.8940 - tp: 0.8950 - tn: 0.8951
212/425 [=============>................] - ETA: 17:32 - loss: 0.3204 - acc: 0.8944 - tp: 0.8954 - tn: 0.8955
213/425 [==============>...............] - ETA: 17:27 - loss: 0.3194 - acc: 0.8947 - tp: 0.8958 - tn: 0.8959
214/425 [==============>...............] - ETA: 17:23 - loss: 0.3182 - acc: 0.8951 - tp: 0.8961 - tn: 0.8963
215/425 [==============>...............] - ETA: 17:18 - loss: 0.3172 - acc: 0.8955 - tp: 0.8965 - tn: 0.8966
216/425 [==============>...............] - ETA: 17:13 - loss: 0.3159 - acc: 0.8959 - tp: 0.8969 - tn: 0.8970
217/425 [==============>...............] - ETA: 17:08 - loss: 0.3148 - acc: 0.8962 - tp: 0.8972 - tn: 0.8974
218/425 [==============>...............] - ETA: 17:04 - loss: 0.3139 - acc: 0.8965 - tp: 0.8977 - tn: 0.8975
219/425 [==============>...............] - ETA: 16:59 - loss: 0.3127 - acc: 0.8970 - tp: 0.8981 - tn: 0.8980
220/425 [==============>...............] - ETA: 16:54 - loss: 0.3115 - acc: 0.8974 - tp: 0.8985 - tn: 0.8984
221/425 [==============>...............] - ETA: 16:49 - loss: 0.3108 - acc: 0.8976 - tp: 0.8988 - tn: 0.8985
222/425 [==============>...............] - ETA: 16:44 - loss: 0.3102 - acc: 0.8979 - tp: 0.8989 - tn: 0.8989
223/425 [==============>...............] - ETA: 16:39 - loss: 0.3093 - acc: 0.8981 - tp: 0.8993 - tn: 0.8991
224/425 [==============>...............] - ETA: 16:35 - loss: 0.3082 - acc: 0.8985 - tp: 0.8996 - tn: 0.8995
225/425 [==============>...............] - ETA: 16:30 - loss: 0.3071 - acc: 0.8989 - tp: 0.9000 - tn: 0.8999
226/425 [==============>...............] - ETA: 16:25 - loss: 0.3061 - acc: 0.8993 - tp: 0.9003 - tn: 0.9004
227/425 [===============>..............] - ETA: 16:20 - loss: 0.3056 - acc: 0.8994 - tp: 0.9005 - tn: 0.9004
228/425 [===============>..............] - ETA: 16:15 - loss: 0.3050 - acc: 0.8996 - tp: 0.9006 - tn: 0.9006
229/425 [===============>..............] - ETA: 16:11 - loss: 0.3051 - acc: 0.8993 - tp: 0.9004 - tn: 0.9002
230/425 [===============>..............] - ETA: 16:06 - loss: 0.3040 - acc: 0.8997 - tp: 0.9008 - tn: 0.9006
231/425 [===============>..............] - ETA: 16:01 - loss: 0.3032 - acc: 0.9000 - tp: 0.9011 - tn: 0.9009
232/425 [===============>..............] - ETA: 15:56 - loss: 0.3025 - acc: 0.9002 - tp: 0.9013 - tn: 0.9011
233/425 [===============>..............] - ETA: 15:51 - loss: 0.3016 - acc: 0.9005 - tp: 0.9016 - tn: 0.9014
234/425 [===============>..............] - ETA: 15:46 - loss: 0.3008 - acc: 0.9007 - tp: 0.9018 - tn: 0.9018
235/425 [===============>..............] - ETA: 15:41 - loss: 0.3000 - acc: 0.9010 - tp: 0.9021 - tn: 0.9020
236/425 [===============>..............] - ETA: 15:37 - loss: 0.2989 - acc: 0.9014 - tp: 0.9024 - tn: 0.9023
237/425 [===============>..............] - ETA: 15:32 - loss: 0.2982 - acc: 0.9016 - tp: 0.9027 - tn: 0.9025
238/425 [===============>..............] - ETA: 15:27 - loss: 0.2975 - acc: 0.9018 - tp: 0.9029 - tn: 0.9028
239/425 [===============>..............] - ETA: 15:22 - loss: 0.2966 - acc: 0.9021 - tp: 0.9031 - tn: 0.9031
240/425 [===============>..............] - ETA: 15:17 - loss: 0.2958 - acc: 0.9024 - tp: 0.9033 - tn: 0.9034
241/425 [================>.............] - ETA: 15:12 - loss: 0.2955 - acc: 0.9024 - tp: 0.9035 - tn: 0.9034
242/425 [================>.............] - ETA: 15:07 - loss: 0.2952 - acc: 0.9024 - tp: 0.9035 - tn: 0.9033
243/425 [================>.............] - ETA: 15:03 - loss: 0.2943 - acc: 0.9027 - tp: 0.9038 - tn: 0.9037
244/425 [================>.............] - ETA: 14:58 - loss: 0.2944 - acc: 0.9026 - tp: 0.9036 - tn: 0.9037
245/425 [================>.............] - ETA: 14:53 - loss: 0.2939 - acc: 0.9028 - tp: 0.9038 - tn: 0.9037
246/425 [================>.............] - ETA: 14:48 - loss: 0.2933 - acc: 0.9031 - tp: 0.9040 - tn: 0.9041
247/425 [================>.............] - ETA: 14:43 - loss: 0.2924 - acc: 0.9033 - tp: 0.9042 - tn: 0.9044
248/425 [================>.............] - ETA: 14:38 - loss: 0.2916 - acc: 0.9036 - tp: 0.9045 - tn: 0.9046
249/425 [================>.............] - ETA: 14:33 - loss: 0.2919 - acc: 0.9035 - tp: 0.9045 - tn: 0.9044
250/425 [================>.............] - ETA: 14:28 - loss: 0.2910 - acc: 0.9038 - tp: 0.9048 - tn: 0.9047
251/425 [================>.............] - ETA: 14:23 - loss: 0.2900 - acc: 0.9041 - tp: 0.9051 - tn: 0.9051
252/425 [================>.............] - ETA: 14:18 - loss: 0.2894 - acc: 0.9044 - tp: 0.9055 - tn: 0.9053
253/425 [================>.............] - ETA: 14:14 - loss: 0.2885 - acc: 0.9047 - tp: 0.9056 - tn: 0.9056
254/425 [================>.............] - ETA: 14:09 - loss: 0.2876 - acc: 0.9050 - tp: 0.9059 - tn: 0.9060
255/425 [=================>............] - ETA: 14:04 - loss: 0.2867 - acc: 0.9053 - tp: 0.9063 - tn: 0.9063
256/425 [=================>............] - ETA: 13:59 - loss: 0.2868 - acc: 0.9052 - tp: 0.9060 - tn: 0.9062
257/425 [=================>............] - ETA: 13:54 - loss: 0.2859 - acc: 0.9055 - tp: 0.9062 - tn: 0.9066
258/425 [=================>............] - ETA: 13:49 - loss: 0.2856 - acc: 0.9055 - tp: 0.9062 - tn: 0.9065
259/425 [=================>............] - ETA: 13:44 - loss: 0.2848 - acc: 0.9058 - tp: 0.9065 - tn: 0.9069
260/425 [=================>............] - ETA: 13:39 - loss: 0.2841 - acc: 0.9060 - tp: 0.9067 - tn: 0.9071
261/425 [=================>............] - ETA: 13:34 - loss: 0.2837 - acc: 0.9061 - tp: 0.9068 - tn: 0.9073
262/425 [=================>............] - ETA: 13:29 - loss: 0.2827 - acc: 0.9065 - tp: 0.9071 - tn: 0.9076
263/425 [=================>............] - ETA: 13:25 - loss: 0.2818 - acc: 0.9067 - tp: 0.9073 - tn: 0.9080
264/425 [=================>............] - ETA: 13:20 - loss: 0.2810 - acc: 0.9070 - tp: 0.9075 - tn: 0.9083
265/425 [=================>............] - ETA: 13:15 - loss: 0.2804 - acc: 0.9073 - tp: 0.9077 - tn: 0.9086
266/425 [=================>............] - ETA: 13:10 - loss: 0.2797 - acc: 0.9075 - tp: 0.9079 - tn: 0.9088
267/425 [=================>............] - ETA: 13:05 - loss: 0.2790 - acc: 0.9077 - tp: 0.9081 - tn: 0.9091
268/425 [=================>............] - ETA: 13:00 - loss: 0.2781 - acc: 0.9080 - tp: 0.9082 - tn: 0.9094
269/425 [=================>............] - ETA: 12:56 - loss: 0.2773 - acc: 0.9082 - tp: 0.9084 - tn: 0.9097
270/425 [==================>...........] - ETA: 12:51 - loss: 0.2768 - acc: 0.9085 - tp: 0.9087 - tn: 0.9099
271/425 [==================>...........] - ETA: 12:46 - loss: 0.2762 - acc: 0.9086 - tp: 0.9089 - tn: 0.9101
272/425 [==================>...........] - ETA: 12:41 - loss: 0.2758 - acc: 0.9087 - tp: 0.9088 - tn: 0.9102
273/425 [==================>...........] - ETA: 12:36 - loss: 0.2749 - acc: 0.9090 - tp: 0.9091 - tn: 0.9105
274/425 [==================>...........] - ETA: 12:31 - loss: 0.2741 - acc: 0.9093 - tp: 0.9095 - tn: 0.9108
275/425 [==================>...........] - ETA: 12:26 - loss: 0.2733 - acc: 0.9096 - tp: 0.9098 - tn: 0.9110
276/425 [==================>...........] - ETA: 12:21 - loss: 0.2726 - acc: 0.9098 - tp: 0.9100 - tn: 0.9113
277/425 [==================>...........] - ETA: 12:16 - loss: 0.2720 - acc: 0.9101 - tp: 0.9102 - tn: 0.9116
278/425 [==================>...........] - ETA: 12:11 - loss: 0.2712 - acc: 0.9103 - tp: 0.9105 - tn: 0.9119
279/425 [==================>...........] - ETA: 12:06 - loss: 0.2706 - acc: 0.9105 - tp: 0.9107 - tn: 0.9121
280/425 [==================>...........] - ETA: 12:01 - loss: 0.2700 - acc: 0.9107 - tp: 0.9109 - tn: 0.9122
281/425 [==================>...........] - ETA: 11:56 - loss: 0.2692 - acc: 0.9110 - tp: 0.9112 - tn: 0.9125
282/425 [==================>...........] - ETA: 11:52 - loss: 0.2685 - acc: 0.9113 - tp: 0.9114 - tn: 0.9127
283/425 [==================>...........] - ETA: 11:47 - loss: 0.2678 - acc: 0.9115 - tp: 0.9117 - tn: 0.9129
284/425 [===================>..........] - ETA: 11:42 - loss: 0.2669 - acc: 0.9118 - tp: 0.9120 - tn: 0.9132
285/425 [===================>..........] - ETA: 11:37 - loss: 0.2662 - acc: 0.9121 - tp: 0.9123 - tn: 0.9135
286/425 [===================>..........] - ETA: 11:32 - loss: 0.2654 - acc: 0.9123 - tp: 0.9126 - tn: 0.9137
287/425 [===================>..........] - ETA: 11:27 - loss: 0.2647 - acc: 0.9126 - tp: 0.9128 - tn: 0.9140
288/425 [===================>..........] - ETA: 11:22 - loss: 0.2640 - acc: 0.9128 - tp: 0.9130 - tn: 0.9143
289/425 [===================>..........] - ETA: 11:17 - loss: 0.2634 - acc: 0.9130 - tp: 0.9133 - tn: 0.9144
290/425 [===================>..........] - ETA: 11:12 - loss: 0.2627 - acc: 0.9133 - tp: 0.9135 - tn: 0.9147
291/425 [===================>..........] - ETA: 11:07 - loss: 0.2620 - acc: 0.9135 - tp: 0.9137 - tn: 0.9149
292/425 [===================>..........] - ETA: 11:02 - loss: 0.2616 - acc: 0.9137 - tp: 0.9138 - tn: 0.9152
293/425 [===================>..........] - ETA: 10:58 - loss: 0.2613 - acc: 0.9138 - tp: 0.9138 - tn: 0.9153
294/425 [===================>..........] - ETA: 10:52 - loss: 0.2610 - acc: 0.9139 - tp: 0.9141 - tn: 0.9154
295/425 [===================>..........] - ETA: 10:47 - loss: 0.2604 - acc: 0.9141 - tp: 0.9141 - tn: 0.9157
296/425 [===================>..........] - ETA: 10:42 - loss: 0.2600 - acc: 0.9141 - tp: 0.9142 - tn: 0.9157
297/425 [===================>..........] - ETA: 10:38 - loss: 0.2595 - acc: 0.9143 - tp: 0.9144 - tn: 0.9158
298/425 [====================>.........] - ETA: 10:33 - loss: 0.2591 - acc: 0.9144 - tp: 0.9145 - tn: 0.9160
299/425 [====================>.........] - ETA: 10:28 - loss: 0.2585 - acc: 0.9146 - tp: 0.9147 - tn: 0.9161
300/425 [====================>.........] - ETA: 10:23 - loss: 0.2579 - acc: 0.9149 - tp: 0.9149 - tn: 0.9164
301/425 [====================>.........] - ETA: 10:18 - loss: 0.2571 - acc: 0.9151 - tp: 0.9151 - tn: 0.9167
302/425 [====================>.........] - ETA: 10:13 - loss: 0.2569 - acc: 0.9152 - tp: 0.9154 - tn: 0.9167
303/425 [====================>.........] - ETA: 10:08 - loss: 0.2562 - acc: 0.9155 - tp: 0.9156 - tn: 0.9170
304/425 [====================>.........] - ETA: 10:03 - loss: 0.2559 - acc: 0.9156 - tp: 0.9157 - tn: 0.9170
305/425 [====================>.........] - ETA: 9:58 - loss: 0.2554 - acc: 0.9158 - tp: 0.9159 - tn: 0.9171 
306/425 [====================>.........] - ETA: 9:53 - loss: 0.2548 - acc: 0.9160 - tp: 0.9162 - tn: 0.9173
307/425 [====================>.........] - ETA: 9:48 - loss: 0.2541 - acc: 0.9162 - tp: 0.9164 - tn: 0.9176
308/425 [====================>.........] - ETA: 9:43 - loss: 0.2536 - acc: 0.9165 - tp: 0.9167 - tn: 0.9178
309/425 [====================>.........] - ETA: 9:38 - loss: 0.2530 - acc: 0.9167 - tp: 0.9168 - tn: 0.9180
310/425 [====================>.........] - ETA: 9:33 - loss: 0.2524 - acc: 0.9169 - tp: 0.9170 - tn: 0.9183
311/425 [====================>.........] - ETA: 9:28 - loss: 0.2525 - acc: 0.9169 - tp: 0.9172 - tn: 0.9182
312/425 [=====================>........] - ETA: 9:23 - loss: 0.2519 - acc: 0.9171 - tp: 0.9174 - tn: 0.9185
313/425 [=====================>........] - ETA: 9:18 - loss: 0.2512 - acc: 0.9174 - tp: 0.9176 - tn: 0.9187
314/425 [=====================>........] - ETA: 9:13 - loss: 0.2506 - acc: 0.9176 - tp: 0.9178 - tn: 0.9190
315/425 [=====================>........] - ETA: 9:08 - loss: 0.2502 - acc: 0.9177 - tp: 0.9180 - tn: 0.9191
316/425 [=====================>........] - ETA: 9:03 - loss: 0.2495 - acc: 0.9180 - tp: 0.9182 - tn: 0.9193
317/425 [=====================>........] - ETA: 8:58 - loss: 0.2489 - acc: 0.9182 - tp: 0.9184 - tn: 0.9195
318/425 [=====================>........] - ETA: 8:53 - loss: 0.2482 - acc: 0.9184 - tp: 0.9186 - tn: 0.9198
319/425 [=====================>........] - ETA: 8:48 - loss: 0.2476 - acc: 0.9186 - tp: 0.9189 - tn: 0.9200
320/425 [=====================>........] - ETA: 8:43 - loss: 0.2469 - acc: 0.9189 - tp: 0.9191 - tn: 0.9202
321/425 [=====================>........] - ETA: 8:38 - loss: 0.2464 - acc: 0.9190 - tp: 0.9192 - tn: 0.9204
322/425 [=====================>........] - ETA: 8:33 - loss: 0.2459 - acc: 0.9193 - tp: 0.9194 - tn: 0.9207
323/425 [=====================>........] - ETA: 8:28 - loss: 0.2454 - acc: 0.9194 - tp: 0.9196 - tn: 0.9208
324/425 [=====================>........] - ETA: 8:23 - loss: 0.2449 - acc: 0.9196 - tp: 0.9199 - tn: 0.9209
325/425 [=====================>........] - ETA: 8:18 - loss: 0.2443 - acc: 0.9198 - tp: 0.9200 - tn: 0.9211
326/425 [======================>.......] - ETA: 8:13 - loss: 0.2438 - acc: 0.9200 - tp: 0.9202 - tn: 0.9213
327/425 [======================>.......] - ETA: 8:08 - loss: 0.2433 - acc: 0.9202 - tp: 0.9204 - tn: 0.9215
328/425 [======================>.......] - ETA: 8:04 - loss: 0.2428 - acc: 0.9203 - tp: 0.9206 - tn: 0.9217
329/425 [======================>.......] - ETA: 7:59 - loss: 0.2422 - acc: 0.9205 - tp: 0.9207 - tn: 0.9218
330/425 [======================>.......] - ETA: 7:54 - loss: 0.2417 - acc: 0.9207 - tp: 0.9209 - tn: 0.9220
331/425 [======================>.......] - ETA: 7:49 - loss: 0.2411 - acc: 0.9209 - tp: 0.9211 - tn: 0.9222
332/425 [======================>.......] - ETA: 7:44 - loss: 0.2405 - acc: 0.9211 - tp: 0.9213 - tn: 0.9224
333/425 [======================>.......] - ETA: 7:39 - loss: 0.2399 - acc: 0.9213 - tp: 0.9215 - tn: 0.9226
334/425 [======================>.......] - ETA: 7:34 - loss: 0.2392 - acc: 0.9215 - tp: 0.9217 - tn: 0.9229
335/425 [======================>.......] - ETA: 7:29 - loss: 0.2386 - acc: 0.9217 - tp: 0.9219 - tn: 0.9230
336/425 [======================>.......] - ETA: 7:24 - loss: 0.2383 - acc: 0.9218 - tp: 0.9220 - tn: 0.9232
337/425 [======================>.......] - ETA: 7:19 - loss: 0.2377 - acc: 0.9220 - tp: 0.9222 - tn: 0.9234
338/425 [======================>.......] - ETA: 7:14 - loss: 0.2371 - acc: 0.9222 - tp: 0.9223 - tn: 0.9236
339/425 [======================>.......] - ETA: 7:09 - loss: 0.2367 - acc: 0.9224 - tp: 0.9224 - tn: 0.9238
340/425 [=======================>......] - ETA: 7:04 - loss: 0.2361 - acc: 0.9226 - tp: 0.9226 - tn: 0.9240
341/425 [=======================>......] - ETA: 6:59 - loss: 0.2356 - acc: 0.9228 - tp: 0.9228 - tn: 0.9242
342/425 [=======================>......] - ETA: 6:54 - loss: 0.2350 - acc: 0.9230 - tp: 0.9231 - tn: 0.9244
343/425 [=======================>......] - ETA: 6:49 - loss: 0.2344 - acc: 0.9232 - tp: 0.9232 - tn: 0.9246
344/425 [=======================>......] - ETA: 6:44 - loss: 0.2338 - acc: 0.9234 - tp: 0.9234 - tn: 0.9248
345/425 [=======================>......] - ETA: 6:39 - loss: 0.2332 - acc: 0.9236 - tp: 0.9236 - tn: 0.9250
346/425 [=======================>......] - ETA: 6:34 - loss: 0.2327 - acc: 0.9238 - tp: 0.9238 - tn: 0.9252
347/425 [=======================>......] - ETA: 6:29 - loss: 0.2321 - acc: 0.9240 - tp: 0.9241 - tn: 0.9254
348/425 [=======================>......] - ETA: 6:24 - loss: 0.2317 - acc: 0.9241 - tp: 0.9243 - tn: 0.9255
349/425 [=======================>......] - ETA: 6:19 - loss: 0.2312 - acc: 0.9243 - tp: 0.9245 - tn: 0.9255
350/425 [=======================>......] - ETA: 6:14 - loss: 0.2309 - acc: 0.9244 - tp: 0.9245 - tn: 0.9257
351/425 [=======================>......] - ETA: 6:09 - loss: 0.2304 - acc: 0.9245 - tp: 0.9246 - tn: 0.9259
352/425 [=======================>......] - ETA: 6:04 - loss: 0.2299 - acc: 0.9247 - tp: 0.9247 - tn: 0.9260
353/425 [=======================>......] - ETA: 5:59 - loss: 0.2293 - acc: 0.9249 - tp: 0.9249 - tn: 0.9263
354/425 [=======================>......] - ETA: 5:54 - loss: 0.2288 - acc: 0.9250 - tp: 0.9250 - tn: 0.9265
355/425 [========================>.....] - ETA: 5:49 - loss: 0.2283 - acc: 0.9252 - tp: 0.9252 - tn: 0.9266
356/425 [========================>.....] - ETA: 5:44 - loss: 0.2278 - acc: 0.9254 - tp: 0.9254 - tn: 0.9268
357/425 [========================>.....] - ETA: 5:39 - loss: 0.2274 - acc: 0.9255 - tp: 0.9255 - tn: 0.9270
358/425 [========================>.....] - ETA: 5:34 - loss: 0.2268 - acc: 0.9257 - tp: 0.9256 - tn: 0.9272
359/425 [========================>.....] - ETA: 5:29 - loss: 0.2263 - acc: 0.9259 - tp: 0.9258 - tn: 0.9274
360/425 [========================>.....] - ETA: 5:24 - loss: 0.2258 - acc: 0.9261 - tp: 0.9259 - tn: 0.9276
361/425 [========================>.....] - ETA: 5:19 - loss: 0.2254 - acc: 0.9262 - tp: 0.9261 - tn: 0.9277
362/425 [========================>.....] - ETA: 5:14 - loss: 0.2250 - acc: 0.9264 - tp: 0.9262 - tn: 0.9279
363/425 [========================>.....] - ETA: 5:09 - loss: 0.2245 - acc: 0.9265 - tp: 0.9264 - tn: 0.9281
364/425 [========================>.....] - ETA: 5:04 - loss: 0.2240 - acc: 0.9267 - tp: 0.9266 - tn: 0.9282
365/425 [========================>.....] - ETA: 4:59 - loss: 0.2236 - acc: 0.9269 - tp: 0.9267 - tn: 0.9284
366/425 [========================>.....] - ETA: 4:54 - loss: 0.2231 - acc: 0.9270 - tp: 0.9268 - tn: 0.9286
367/425 [========================>.....] - ETA: 4:49 - loss: 0.2226 - acc: 0.9272 - tp: 0.9270 - tn: 0.9288
368/425 [========================>.....] - ETA: 4:44 - loss: 0.2221 - acc: 0.9274 - tp: 0.9272 - tn: 0.9289
369/425 [=========================>....] - ETA: 4:39 - loss: 0.2217 - acc: 0.9275 - tp: 0.9273 - tn: 0.9291
370/425 [=========================>....] - ETA: 4:34 - loss: 0.2211 - acc: 0.9277 - tp: 0.9275 - tn: 0.9293
371/425 [=========================>....] - ETA: 4:29 - loss: 0.2207 - acc: 0.9279 - tp: 0.9277 - tn: 0.9295
372/425 [=========================>....] - ETA: 4:24 - loss: 0.2203 - acc: 0.9280 - tp: 0.9278 - tn: 0.9296
373/425 [=========================>....] - ETA: 4:19 - loss: 0.2198 - acc: 0.9282 - tp: 0.9280 - tn: 0.9298
374/425 [=========================>....] - ETA: 4:14 - loss: 0.2193 - acc: 0.9284 - tp: 0.9282 - tn: 0.9300
375/425 [=========================>....] - ETA: 4:09 - loss: 0.2188 - acc: 0.9286 - tp: 0.9284 - tn: 0.9301
376/425 [=========================>....] - ETA: 4:04 - loss: 0.2183 - acc: 0.9287 - tp: 0.9285 - tn: 0.9303
377/425 [=========================>....] - ETA: 3:59 - loss: 0.2179 - acc: 0.9289 - tp: 0.9287 - tn: 0.9304
378/425 [=========================>....] - ETA: 3:54 - loss: 0.2174 - acc: 0.9290 - tp: 0.9289 - tn: 0.9305
379/425 [=========================>....] - ETA: 3:50 - loss: 0.2170 - acc: 0.9292 - tp: 0.9290 - tn: 0.9307
380/425 [=========================>....] - ETA: 3:45 - loss: 0.2165 - acc: 0.9294 - tp: 0.9292 - tn: 0.9308
381/425 [=========================>....] - ETA: 3:40 - loss: 0.2161 - acc: 0.9295 - tp: 0.9293 - tn: 0.9310
382/425 [=========================>....] - ETA: 3:35 - loss: 0.2157 - acc: 0.9296 - tp: 0.9295 - tn: 0.9311
383/425 [==========================>...] - ETA: 3:30 - loss: 0.2152 - acc: 0.9298 - tp: 0.9297 - tn: 0.9313
384/425 [==========================>...] - ETA: 3:25 - loss: 0.2149 - acc: 0.9299 - tp: 0.9298 - tn: 0.9313
385/425 [==========================>...] - ETA: 3:20 - loss: 0.2146 - acc: 0.9300 - tp: 0.9299 - tn: 0.9315
386/425 [==========================>...] - ETA: 3:15 - loss: 0.2141 - acc: 0.9302 - tp: 0.9301 - tn: 0.9316
387/425 [==========================>...] - ETA: 3:10 - loss: 0.2137 - acc: 0.9303 - tp: 0.9302 - tn: 0.9318
388/425 [==========================>...] - ETA: 3:05 - loss: 0.2132 - acc: 0.9305 - tp: 0.9304 - tn: 0.9319
389/425 [==========================>...] - ETA: 3:00 - loss: 0.2153 - acc: 0.9298 - tp: 0.9295 - tn: 0.9315
390/425 [==========================>...] - ETA: 2:55 - loss: 0.2149 - acc: 0.9300 - tp: 0.9297 - tn: 0.9317
391/425 [==========================>...] - ETA: 2:50 - loss: 0.2146 - acc: 0.9301 - tp: 0.9298 - tn: 0.9318
392/425 [==========================>...] - ETA: 2:45 - loss: 0.2142 - acc: 0.9302 - tp: 0.9299 - tn: 0.9319
393/425 [==========================>...] - ETA: 2:40 - loss: 0.2148 - acc: 0.9300 - tp: 0.9296 - tn: 0.9319
394/425 [==========================>...] - ETA: 2:35 - loss: 0.2144 - acc: 0.9302 - tp: 0.9297 - tn: 0.9320
395/425 [==========================>...] - ETA: 2:30 - loss: 0.2141 - acc: 0.9303 - tp: 0.9298 - tn: 0.9321
396/425 [==========================>...] - ETA: 2:25 - loss: 0.2138 - acc: 0.9304 - tp: 0.9300 - tn: 0.9322
397/425 [===========================>..] - ETA: 2:20 - loss: 0.2133 - acc: 0.9305 - tp: 0.9301 - tn: 0.9323
398/425 [===========================>..] - ETA: 2:15 - loss: 0.2129 - acc: 0.9307 - tp: 0.9303 - tn: 0.9325
399/425 [===========================>..] - ETA: 2:10 - loss: 0.2126 - acc: 0.9308 - tp: 0.9304 - tn: 0.9326
400/425 [===========================>..] - ETA: 2:05 - loss: 0.2122 - acc: 0.9309 - tp: 0.9305 - tn: 0.9327
401/425 [===========================>..] - ETA: 2:00 - loss: 0.2120 - acc: 0.9310 - tp: 0.9306 - tn: 0.9327
402/425 [===========================>..] - ETA: 1:55 - loss: 0.2117 - acc: 0.9311 - tp: 0.9307 - tn: 0.9328
403/425 [===========================>..] - ETA: 1:50 - loss: 0.2113 - acc: 0.9312 - tp: 0.9309 - tn: 0.9329
404/425 [===========================>..] - ETA: 1:45 - loss: 0.2110 - acc: 0.9313 - tp: 0.9310 - tn: 0.9330
405/425 [===========================>..] - ETA: 1:40 - loss: 0.2109 - acc: 0.9313 - tp: 0.9312 - tn: 0.9329
406/425 [===========================>..] - ETA: 1:35 - loss: 0.2106 - acc: 0.9314 - tp: 0.9312 - tn: 0.9329
407/425 [===========================>..] - ETA: 1:30 - loss: 0.2103 - acc: 0.9315 - tp: 0.9313 - tn: 0.9330
408/425 [===========================>..] - ETA: 1:25 - loss: 0.2104 - acc: 0.9315 - tp: 0.9312 - tn: 0.9332
409/425 [===========================>..] - ETA: 1:20 - loss: 0.2099 - acc: 0.9316 - tp: 0.9313 - tn: 0.9333
410/425 [===========================>..] - ETA: 1:15 - loss: 0.2096 - acc: 0.9317 - tp: 0.9314 - tn: 0.9334
411/425 [============================>.] - ETA: 1:10 - loss: 0.2092 - acc: 0.9318 - tp: 0.9315 - tn: 0.9336
412/425 [============================>.] - ETA: 1:05 - loss: 0.2089 - acc: 0.9320 - tp: 0.9317 - tn: 0.9337
413/425 [============================>.] - ETA: 1:00 - loss: 0.2086 - acc: 0.9321 - tp: 0.9318 - tn: 0.9337
414/425 [============================>.] - ETA: 55s - loss: 0.2082 - acc: 0.9322 - tp: 0.9320 - tn: 0.9339 
415/425 [============================>.] - ETA: 50s - loss: 0.2078 - acc: 0.9324 - tp: 0.9321 - tn: 0.9340
416/425 [============================>.] - ETA: 45s - loss: 0.2075 - acc: 0.9325 - tp: 0.9321 - tn: 0.9342
417/425 [============================>.] - ETA: 40s - loss: 0.2071 - acc: 0.9326 - tp: 0.9322 - tn: 0.9343
418/425 [============================>.] - ETA: 35s - loss: 0.2071 - acc: 0.9326 - tp: 0.9321 - tn: 0.9345
419/425 [============================>.] - ETA: 30s - loss: 0.2068 - acc: 0.9327 - tp: 0.9322 - tn: 0.9345
420/425 [============================>.] - ETA: 25s - loss: 0.2065 - acc: 0.9328 - tp: 0.9323 - tn: 0.9346
421/425 [============================>.] - ETA: 20s - loss: 0.2063 - acc: 0.9328 - tp: 0.9324 - tn: 0.9347
422/425 [============================>.] - ETA: 15s - loss: 0.2060 - acc: 0.9329 - tp: 0.9325 - tn: 0.9348
423/425 [============================>.] - ETA: 10s - loss: 0.2056 - acc: 0.9331 - tp: 0.9326 - tn: 0.9350
424/425 [============================>.] - ETA: 5s - loss: 0.2052 - acc: 0.9333 - tp: 0.9328 - tn: 0.9351 
425/425 [==============================] - 2179s 5s/step - loss: 0.2049 - acc: 0.9334 - tp: 0.9329 - tn: 0.9352 - val_loss: 2.4108 - val_acc: 0.4150 - val_tp: 0.0141 - val_tn: 0.8345

Epoch 00001: val_tp improved from -inf to 0.01409, saving model to fold0.cnn.weights.best.hdf5
Epoch 2/2

  1/425 [..............................] - ETA: 36:59 - loss: 0.0421 - acc: 0.9906 - tp: 0.9839 - tn: 1.0000
  2/425 [..............................] - ETA: 36:26 - loss: 0.0429 - acc: 0.9878 - tp: 0.9853 - tn: 0.9914
  3/425 [..............................] - ETA: 36:11 - loss: 0.0691 - acc: 0.9763 - tp: 0.9712 - tn: 0.9830
  4/425 [..............................] - ETA: 36:14 - loss: 0.0724 - acc: 0.9775 - tp: 0.9758 - tn: 0.9802
  5/425 [..............................] - ETA: 35:58 - loss: 0.0793 - acc: 0.9757 - tp: 0.9790 - tn: 0.9735
  6/425 [..............................] - ETA: 35:39 - loss: 0.0778 - acc: 0.9775 - tp: 0.9805 - tn: 0.9756
  7/425 [..............................] - ETA: 35:36 - loss: 0.0774 - acc: 0.9767 - tp: 0.9833 - tn: 0.9716
  8/425 [..............................] - ETA: 35:27 - loss: 0.0820 - acc: 0.9757 - tp: 0.9816 - tn: 0.9710
  9/425 [..............................] - ETA: 35:28 - loss: 0.0784 - acc: 0.9761 - tp: 0.9828 - tn: 0.9708
 10/425 [..............................] - ETA: 35:16 - loss: 0.0760 - acc: 0.9772 - tp: 0.9830 - tn: 0.9726
 11/425 [..............................] - ETA: 35:06 - loss: 0.0721 - acc: 0.9791 - tp: 0.9845 - tn: 0.9748
 12/425 [..............................] - ETA: 35:01 - loss: 0.0723 - acc: 0.9794 - tp: 0.9838 - tn: 0.9762
 13/425 [..............................] - ETA: 34:55 - loss: 0.0704 - acc: 0.9806 - tp: 0.9848 - tn: 0.9774
 14/425 [..............................] - ETA: 34:49 - loss: 0.0684 - acc: 0.9811 - tp: 0.9853 - tn: 0.9779
 15/425 [>.............................] - ETA: 34:46 - loss: 0.0668 - acc: 0.9818 - tp: 0.9860 - tn: 0.9784
 16/425 [>.............................] - ETA: 34:39 - loss: 0.0651 - acc: 0.9822 - tp: 0.9869 - tn: 0.9781
 17/425 [>.............................] - ETA: 34:34 - loss: 0.0631 - acc: 0.9829 - tp: 0.9874 - tn: 0.9790
 18/425 [>.............................] - ETA: 34:32 - loss: 0.0618 - acc: 0.9829 - tp: 0.9875 - tn: 0.9789
 19/425 [>.............................] - ETA: 34:22 - loss: 0.0616 - acc: 0.9829 - tp: 0.9876 - tn: 0.9787
 20/425 [>.............................] - ETA: 34:16 - loss: 0.0622 - acc: 0.9825 - tp: 0.9882 - tn: 0.9774
 21/425 [>.............................] - ETA: 34:13 - loss: 0.0600 - acc: 0.9833 - tp: 0.9887 - tn: 0.9785
 22/425 [>.............................] - ETA: 34:09 - loss: 0.0593 - acc: 0.9840 - tp: 0.9893 - tn: 0.9793
 23/425 [>.............................] - ETA: 34:05 - loss: 0.0595 - acc: 0.9841 - tp: 0.9889 - tn: 0.9800
 24/425 [>.............................] - ETA: 34:01 - loss: 0.0591 - acc: 0.9842 - tp: 0.9893 - tn: 0.9797
 25/425 [>.............................] - ETA: 33:52 - loss: 0.0576 - acc: 0.9847 - tp: 0.9895 - tn: 0.9805
 26/425 [>.............................] - ETA: 33:47 - loss: 0.0572 - acc: 0.9847 - tp: 0.9895 - tn: 0.9804
 27/425 [>.............................] - ETA: 33:43 - loss: 0.0567 - acc: 0.9845 - tp: 0.9894 - tn: 0.9801
 28/425 [>.............................] - ETA: 33:39 - loss: 0.0567 - acc: 0.9847 - tp: 0.9889 - tn: 0.9808
 29/425 [=>............................] - ETA: 33:33 - loss: 0.0556 - acc: 0.9850 - tp: 0.9889 - tn: 0.9814
 30/425 [=>............................] - ETA: 33:28 - loss: 0.0565 - acc: 0.9848 - tp: 0.9887 - tn: 0.9813
 31/425 [=>............................] - ETA: 33:22 - loss: 0.0693 - acc: 0.9791 - tp: 0.9871 - tn: 0.9749
 32/425 [=>............................] - ETA: 33:19 - loss: 0.0691 - acc: 0.9795 - tp: 0.9872 - tn: 0.9753
 33/425 [=>............................] - ETA: 33:13 - loss: 0.0673 - acc: 0.9801 - tp: 0.9876 - tn: 0.9761
 34/425 [=>............................] - ETA: 33:08 - loss: 0.0666 - acc: 0.9803 - tp: 0.9879 - tn: 0.9762
 35/425 [=>............................] - ETA: 33:04 - loss: 0.0657 - acc: 0.9806 - tp: 0.9877 - tn: 0.9769
 36/425 [=>............................] - ETA: 33:00 - loss: 0.0656 - acc: 0.9807 - tp: 0.9877 - tn: 0.9770
 37/425 [=>............................] - ETA: 32:56 - loss: 0.0647 - acc: 0.9810 - tp: 0.9878 - tn: 0.9773
 38/425 [=>............................] - ETA: 32:52 - loss: 0.0642 - acc: 0.9812 - tp: 0.9878 - tn: 0.9776
 39/425 [=>............................] - ETA: 32:46 - loss: 0.0637 - acc: 0.9814 - tp: 0.9880 - tn: 0.9778
 40/425 [=>............................] - ETA: 32:42 - loss: 0.0640 - acc: 0.9813 - tp: 0.9873 - tn: 0.9783
 41/425 [=>............................] - ETA: 32:37 - loss: 0.0631 - acc: 0.9815 - tp: 0.9874 - tn: 0.9787
 42/425 [=>............................] - ETA: 32:32 - loss: 0.0626 - acc: 0.9817 - tp: 0.9872 - tn: 0.9791
 43/425 [==>...........................] - ETA: 32:27 - loss: 0.0620 - acc: 0.9820 - tp: 0.9873 - tn: 0.9795
 44/425 [==>...........................] - ETA: 32:23 - loss: 0.0737 - acc: 0.9760 - tp: 0.9851 - tn: 0.9729
 45/425 [==>...........................] - ETA: 32:17 - loss: 0.0793 - acc: 0.9734 - tp: 0.9838 - tn: 0.9701
 46/425 [==>...........................] - ETA: 32:12 - loss: 0.0782 - acc: 0.9739 - tp: 0.9841 - tn: 0.9706
 47/425 [==>...........................] - ETA: 32:06 - loss: 0.0773 - acc: 0.9742 - tp: 0.9843 - tn: 0.9708
 48/425 [==>...........................] - ETA: 32:01 - loss: 0.0763 - acc: 0.9746 - tp: 0.9846 - tn: 0.9713
 49/425 [==>...........................] - ETA: 31:56 - loss: 0.0763 - acc: 0.9747 - tp: 0.9838 - tn: 0.9719
 50/425 [==>...........................] - ETA: 31:52 - loss: 0.0752 - acc: 0.9751 - tp: 0.9841 - tn: 0.9723
 51/425 [==>...........................] - ETA: 31:46 - loss: 0.0743 - acc: 0.9754 - tp: 0.9843 - tn: 0.9727
 52/425 [==>...........................] - ETA: 31:38 - loss: 0.0740 - acc: 0.9757 - tp: 0.9843 - tn: 0.9731
 53/425 [==>...........................] - ETA: 31:33 - loss: 0.0736 - acc: 0.9759 - tp: 0.9839 - tn: 0.9736
 54/425 [==>...........................] - ETA: 31:27 - loss: 0.0732 - acc: 0.9759 - tp: 0.9842 - tn: 0.9734
 55/425 [==>...........................] - ETA: 31:23 - loss: 0.0728 - acc: 0.9760 - tp: 0.9842 - tn: 0.9736
 56/425 [==>...........................] - ETA: 31:18 - loss: 0.0723 - acc: 0.9761 - tp: 0.9842 - tn: 0.9737
 57/425 [===>..........................] - ETA: 31:12 - loss: 0.0721 - acc: 0.9762 - tp: 0.9839 - tn: 0.9741
 58/425 [===>..........................] - ETA: 31:06 - loss: 0.0716 - acc: 0.9764 - tp: 0.9841 - tn: 0.9743
 59/425 [===>..........................] - ETA: 31:02 - loss: 0.0727 - acc: 0.9758 - tp: 0.9823 - tn: 0.9746
 60/425 [===>..........................] - ETA: 30:57 - loss: 0.0725 - acc: 0.9758 - tp: 0.9819 - tn: 0.9751
 61/425 [===>..........................] - ETA: 30:52 - loss: 0.0727 - acc: 0.9759 - tp: 0.9815 - tn: 0.9755
 62/425 [===>..........................] - ETA: 30:46 - loss: 0.0732 - acc: 0.9757 - tp: 0.9808 - tn: 0.9757
 63/425 [===>..........................] - ETA: 30:40 - loss: 0.0725 - acc: 0.9760 - tp: 0.9809 - tn: 0.9761
 64/425 [===>..........................] - ETA: 30:35 - loss: 0.0729 - acc: 0.9759 - tp: 0.9804 - tn: 0.9763
 65/425 [===>..........................] - ETA: 30:30 - loss: 0.0738 - acc: 0.9754 - tp: 0.9796 - tn: 0.9762
 66/425 [===>..........................] - ETA: 30:25 - loss: 0.0736 - acc: 0.9755 - tp: 0.9794 - tn: 0.9763
 67/425 [===>..........................] - ETA: 30:21 - loss: 0.0732 - acc: 0.9756 - tp: 0.9792 - tn: 0.9767
 68/425 [===>..........................] - ETA: 30:15 - loss: 0.0728 - acc: 0.9757 - tp: 0.9790 - tn: 0.9770
 69/425 [===>..........................] - ETA: 30:10 - loss: 0.0722 - acc: 0.9758 - tp: 0.9789 - tn: 0.9774
 70/425 [===>..........................] - ETA: 30:04 - loss: 0.0721 - acc: 0.9758 - tp: 0.9785 - tn: 0.9777
 71/425 [====>.........................] - ETA: 29:59 - loss: 0.0725 - acc: 0.9756 - tp: 0.9780 - tn: 0.9778
 72/425 [====>.........................] - ETA: 29:54 - loss: 0.0718 - acc: 0.9759 - tp: 0.9782 - tn: 0.9781
 73/425 [====>.........................] - ETA: 29:49 - loss: 0.0715 - acc: 0.9760 - tp: 0.9785 - tn: 0.9781
 74/425 [====>.........................] - ETA: 29:44 - loss: 0.0714 - acc: 0.9761 - tp: 0.9785 - tn: 0.9782
 75/425 [====>.........................] - ETA: 29:39 - loss: 0.0712 - acc: 0.9763 - tp: 0.9786 - tn: 0.9783
 76/425 [====>.........................] - ETA: 29:35 - loss: 0.0708 - acc: 0.9764 - tp: 0.9787 - tn: 0.9784
 77/425 [====>.........................] - ETA: 29:30 - loss: 0.0707 - acc: 0.9766 - tp: 0.9790 - tn: 0.9784
 78/425 [====>.........................] - ETA: 29:26 - loss: 0.0704 - acc: 0.9766 - tp: 0.9790 - tn: 0.9784
 79/425 [====>.........................] - ETA: 29:21 - loss: 0.0701 - acc: 0.9767 - tp: 0.9792 - tn: 0.9785
 80/425 [====>.........................] - ETA: 29:15 - loss: 0.0703 - acc: 0.9767 - tp: 0.9789 - tn: 0.9786
 81/425 [====>.........................] - ETA: 29:09 - loss: 0.0708 - acc: 0.9765 - tp: 0.9787 - tn: 0.9784
 82/425 [====>.........................] - ETA: 29:04 - loss: 0.0703 - acc: 0.9767 - tp: 0.9789 - tn: 0.9784
 83/425 [====>.........................] - ETA: 28:59 - loss: 0.0699 - acc: 0.9768 - tp: 0.9792 - tn: 0.9784
 84/425 [====>.........................] - ETA: 28:54 - loss: 0.0692 - acc: 0.9770 - tp: 0.9794 - tn: 0.9786
 85/425 [=====>........................] - ETA: 28:49 - loss: 0.0687 - acc: 0.9772 - tp: 0.9795 - tn: 0.9789
 86/425 [=====>........................] - ETA: 28:43 - loss: 0.0682 - acc: 0.9775 - tp: 0.9798 - tn: 0.9791
 87/425 [=====>........................] - ETA: 28:38 - loss: 0.0681 - acc: 0.9775 - tp: 0.9797 - tn: 0.9791
 88/425 [=====>........................] - ETA: 28:34 - loss: 0.0679 - acc: 0.9776 - tp: 0.9799 - tn: 0.9792
 89/425 [=====>........................] - ETA: 28:29 - loss: 0.0674 - acc: 0.9778 - tp: 0.9800 - tn: 0.9794
 90/425 [=====>........................] - ETA: 28:24 - loss: 0.0670 - acc: 0.9781 - tp: 0.9802 - tn: 0.9796
 91/425 [=====>........................] - ETA: 28:19 - loss: 0.0669 - acc: 0.9781 - tp: 0.9800 - tn: 0.9797
 92/425 [=====>........................] - ETA: 28:13 - loss: 0.0671 - acc: 0.9780 - tp: 0.9799 - tn: 0.9796
 93/425 [=====>........................] - ETA: 28:07 - loss: 0.0673 - acc: 0.9778 - tp: 0.9795 - tn: 0.9796
 94/425 [=====>........................] - ETA: 28:02 - loss: 0.0671 - acc: 0.9780 - tp: 0.9796 - tn: 0.9798
 95/425 [=====>........................] - ETA: 27:57 - loss: 0.0671 - acc: 0.9778 - tp: 0.9797 - tn: 0.9792
 96/425 [=====>........................] - ETA: 27:53 - loss: 0.0671 - acc: 0.9778 - tp: 0.9797 - tn: 0.9792
 97/425 [=====>........................] - ETA: 27:48 - loss: 0.0666 - acc: 0.9780 - tp: 0.9799 - tn: 0.9794
 98/425 [=====>........................] - ETA: 27:43 - loss: 0.0663 - acc: 0.9782 - tp: 0.9800 - tn: 0.9796
 99/425 [=====>........................] - ETA: 27:37 - loss: 0.0664 - acc: 0.9782 - tp: 0.9800 - tn: 0.9797
100/425 [======>.......................] - ETA: 27:32 - loss: 0.0665 - acc: 0.9782 - tp: 0.9800 - tn: 0.9796
101/425 [======>.......................] - ETA: 27:27 - loss: 0.0663 - acc: 0.9784 - tp: 0.9801 - tn: 0.9798
102/425 [======>.......................] - ETA: 27:22 - loss: 0.0659 - acc: 0.9786 - tp: 0.9803 - tn: 0.9800
103/425 [======>.......................] - ETA: 27:17 - loss: 0.0654 - acc: 0.9787 - tp: 0.9804 - tn: 0.9802
104/425 [======>.......................] - ETA: 27:12 - loss: 0.0652 - acc: 0.9789 - tp: 0.9805 - tn: 0.9803
105/425 [======>.......................] - ETA: 27:06 - loss: 0.0649 - acc: 0.9790 - tp: 0.9806 - tn: 0.9804
106/425 [======>.......................] - ETA: 27:01 - loss: 0.0647 - acc: 0.9791 - tp: 0.9806 - tn: 0.9806
107/425 [======>.......................] - ETA: 26:55 - loss: 0.0644 - acc: 0.9793 - tp: 0.9808 - tn: 0.9807
108/425 [======>.......................] - ETA: 26:50 - loss: 0.0642 - acc: 0.9794 - tp: 0.9809 - tn: 0.9809
109/425 [======>.......................] - ETA: 26:45 - loss: 0.0637 - acc: 0.9796 - tp: 0.9811 - tn: 0.9810
110/425 [======>.......................] - ETA: 26:40 - loss: 0.0634 - acc: 0.9797 - tp: 0.9812 - tn: 0.9811
111/425 [======>.......................] - ETA: 26:36 - loss: 0.0631 - acc: 0.9798 - tp: 0.9813 - tn: 0.9812
112/425 [======>.......................] - ETA: 26:31 - loss: 0.0630 - acc: 0.9800 - tp: 0.9813 - tn: 0.9814
113/425 [======>.......................] - ETA: 26:26 - loss: 0.0626 - acc: 0.9801 - tp: 0.9815 - tn: 0.9816
114/425 [=======>......................] - ETA: 26:21 - loss: 0.0624 - acc: 0.9803 - tp: 0.9816 - tn: 0.9817
115/425 [=======>......................] - ETA: 26:16 - loss: 0.0624 - acc: 0.9803 - tp: 0.9817 - tn: 0.9817
116/425 [=======>......................] - ETA: 26:10 - loss: 0.0622 - acc: 0.9805 - tp: 0.9818 - tn: 0.9819
117/425 [=======>......................] - ETA: 26:05 - loss: 0.0618 - acc: 0.9806 - tp: 0.9819 - tn: 0.9820
118/425 [=======>......................] - ETA: 26:01 - loss: 0.0615 - acc: 0.9807 - tp: 0.9821 - tn: 0.9819
119/425 [=======>......................] - ETA: 25:55 - loss: 0.0615 - acc: 0.9807 - tp: 0.9820 - tn: 0.9820
120/425 [=======>......................] - ETA: 25:51 - loss: 0.0611 - acc: 0.9808 - tp: 0.9821 - tn: 0.9821
121/425 [=======>......................] - ETA: 25:46 - loss: 0.0608 - acc: 0.9810 - tp: 0.9823 - tn: 0.9823
122/425 [=======>......................] - ETA: 25:41 - loss: 0.0604 - acc: 0.9811 - tp: 0.9824 - tn: 0.9824
123/425 [=======>......................] - ETA: 25:36 - loss: 0.0601 - acc: 0.9813 - tp: 0.9825 - tn: 0.9826
124/425 [=======>......................] - ETA: 25:30 - loss: 0.0600 - acc: 0.9813 - tp: 0.9825 - tn: 0.9826
125/425 [=======>......................] - ETA: 25:26 - loss: 0.0598 - acc: 0.9814 - tp: 0.9826 - tn: 0.9827
126/425 [=======>......................] - ETA: 25:21 - loss: 0.0595 - acc: 0.9815 - tp: 0.9827 - tn: 0.9828
127/425 [=======>......................] - ETA: 25:16 - loss: 0.0592 - acc: 0.9816 - tp: 0.9828 - tn: 0.9830
128/425 [========>.....................] - ETA: 25:11 - loss: 0.0591 - acc: 0.9817 - tp: 0.9829 - tn: 0.9829
129/425 [========>.....................] - ETA: 25:06 - loss: 0.0588 - acc: 0.9818 - tp: 0.9830 - tn: 0.9830
130/425 [========>.....................] - ETA: 25:01 - loss: 0.0585 - acc: 0.9819 - tp: 0.9831 - tn: 0.9832
131/425 [========>.....................] - ETA: 24:56 - loss: 0.0583 - acc: 0.9820 - tp: 0.9831 - tn: 0.9833
132/425 [========>.....................] - ETA: 24:51 - loss: 0.0582 - acc: 0.9820 - tp: 0.9832 - tn: 0.9832
133/425 [========>.....................] - ETA: 24:46 - loss: 0.0579 - acc: 0.9821 - tp: 0.9833 - tn: 0.9833
134/425 [========>.....................] - ETA: 24:41 - loss: 0.0576 - acc: 0.9823 - tp: 0.9834 - tn: 0.9834
135/425 [========>.....................] - ETA: 24:35 - loss: 0.0574 - acc: 0.9823 - tp: 0.9835 - tn: 0.9835
136/425 [========>.....................] - ETA: 24:30 - loss: 0.0572 - acc: 0.9824 - tp: 0.9837 - tn: 0.9835
137/425 [========>.....................] - ETA: 24:25 - loss: 0.0571 - acc: 0.9824 - tp: 0.9836 - tn: 0.9834
138/425 [========>.....................] - ETA: 24:20 - loss: 0.0570 - acc: 0.9824 - tp: 0.9836 - tn: 0.9835
139/425 [========>.....................] - ETA: 24:15 - loss: 0.0567 - acc: 0.9825 - tp: 0.9837 - tn: 0.9836
140/425 [========>.....................] - ETA: 24:10 - loss: 0.0565 - acc: 0.9826 - tp: 0.9838 - tn: 0.9837
141/425 [========>.....................] - ETA: 24:05 - loss: 0.0562 - acc: 0.9827 - tp: 0.9839 - tn: 0.9838
142/425 [=========>....................] - ETA: 24:00 - loss: 0.0566 - acc: 0.9826 - tp: 0.9836 - tn: 0.9839
143/425 [=========>....................] - ETA: 23:55 - loss: 0.0563 - acc: 0.9826 - tp: 0.9837 - tn: 0.9838
144/425 [=========>....................] - ETA: 23:50 - loss: 0.0562 - acc: 0.9827 - tp: 0.9838 - tn: 0.9839
145/425 [=========>....................] - ETA: 23:45 - loss: 0.0559 - acc: 0.9828 - tp: 0.9838 - tn: 0.9840
146/425 [=========>....................] - ETA: 23:40 - loss: 0.0557 - acc: 0.9829 - tp: 0.9839 - tn: 0.9841
147/425 [=========>....................] - ETA: 23:35 - loss: 0.0554 - acc: 0.9829 - tp: 0.9839 - tn: 0.9842
148/425 [=========>....................] - ETA: 23:31 - loss: 0.0553 - acc: 0.9830 - tp: 0.9840 - tn: 0.9842
149/425 [=========>....................] - ETA: 23:25 - loss: 0.0552 - acc: 0.9831 - tp: 0.9841 - tn: 0.9842
150/425 [=========>....................] - ETA: 23:20 - loss: 0.0551 - acc: 0.9831 - tp: 0.9841 - tn: 0.9844
151/425 [=========>....................] - ETA: 23:15 - loss: 0.0548 - acc: 0.9832 - tp: 0.9842 - tn: 0.9845
152/425 [=========>....................] - ETA: 23:10 - loss: 0.0547 - acc: 0.9833 - tp: 0.9842 - tn: 0.9845
153/425 [=========>....................] - ETA: 23:05 - loss: 0.0583 - acc: 0.9818 - tp: 0.9839 - tn: 0.9828
154/425 [=========>....................] - ETA: 23:00 - loss: 0.0580 - acc: 0.9819 - tp: 0.9840 - tn: 0.9829
155/425 [=========>....................] - ETA: 22:54 - loss: 0.0578 - acc: 0.9820 - tp: 0.9841 - tn: 0.9830
156/425 [==========>...................] - ETA: 22:49 - loss: 0.0576 - acc: 0.9821 - tp: 0.9841 - tn: 0.9831
157/425 [==========>...................] - ETA: 22:44 - loss: 0.0573 - acc: 0.9822 - tp: 0.9842 - tn: 0.9832
158/425 [==========>...................] - ETA: 22:39 - loss: 0.0571 - acc: 0.9822 - tp: 0.9843 - tn: 0.9832
159/425 [==========>...................] - ETA: 22:34 - loss: 0.0569 - acc: 0.9823 - tp: 0.9844 - tn: 0.9833
160/425 [==========>...................] - ETA: 22:29 - loss: 0.0567 - acc: 0.9824 - tp: 0.9844 - tn: 0.9834
161/425 [==========>...................] - ETA: 22:24 - loss: 0.0565 - acc: 0.9825 - tp: 0.9845 - tn: 0.9835
162/425 [==========>...................] - ETA: 22:19 - loss: 0.0564 - acc: 0.9825 - tp: 0.9845 - tn: 0.9835
163/425 [==========>...................] - ETA: 22:14 - loss: 0.0563 - acc: 0.9826 - tp: 0.9845 - tn: 0.9835
164/425 [==========>...................] - ETA: 22:09 - loss: 0.0562 - acc: 0.9826 - tp: 0.9846 - tn: 0.9835
165/425 [==========>...................] - ETA: 22:04 - loss: 0.0560 - acc: 0.9827 - tp: 0.9847 - tn: 0.9836
166/425 [==========>...................] - ETA: 21:59 - loss: 0.0560 - acc: 0.9827 - tp: 0.9847 - tn: 0.9837
167/425 [==========>...................] - ETA: 21:54 - loss: 0.0560 - acc: 0.9828 - tp: 0.9847 - tn: 0.9837
168/425 [==========>...................] - ETA: 21:49 - loss: 0.0558 - acc: 0.9828 - tp: 0.9848 - tn: 0.9838
169/425 [==========>...................] - ETA: 21:43 - loss: 0.0559 - acc: 0.9828 - tp: 0.9847 - tn: 0.9838
170/425 [===========>..................] - ETA: 21:39 - loss: 0.0557 - acc: 0.9828 - tp: 0.9847 - tn: 0.9838
171/425 [===========>..................] - ETA: 21:33 - loss: 0.0556 - acc: 0.9829 - tp: 0.9848 - tn: 0.9839
172/425 [===========>..................] - ETA: 21:28 - loss: 0.0554 - acc: 0.9830 - tp: 0.9848 - tn: 0.9840
173/425 [===========>..................] - ETA: 21:23 - loss: 0.0552 - acc: 0.9831 - tp: 0.9849 - tn: 0.9841
174/425 [===========>..................] - ETA: 21:18 - loss: 0.0550 - acc: 0.9831 - tp: 0.9849 - tn: 0.9842
175/425 [===========>..................] - ETA: 21:13 - loss: 0.0548 - acc: 0.9832 - tp: 0.9850 - tn: 0.9842
176/425 [===========>..................] - ETA: 21:08 - loss: 0.0547 - acc: 0.9833 - tp: 0.9851 - tn: 0.9843
177/425 [===========>..................] - ETA: 21:03 - loss: 0.0546 - acc: 0.9833 - tp: 0.9851 - tn: 0.9843
178/425 [===========>..................] - ETA: 20:58 - loss: 0.0545 - acc: 0.9833 - tp: 0.9852 - tn: 0.9843
179/425 [===========>..................] - ETA: 20:53 - loss: 0.0543 - acc: 0.9834 - tp: 0.9852 - tn: 0.9844
180/425 [===========>..................] - ETA: 20:48 - loss: 0.0542 - acc: 0.9834 - tp: 0.9852 - tn: 0.9844
181/425 [===========>..................] - ETA: 20:43 - loss: 0.0540 - acc: 0.9835 - tp: 0.9852 - tn: 0.9845
182/425 [===========>..................] - ETA: 20:37 - loss: 0.0540 - acc: 0.9835 - tp: 0.9851 - tn: 0.9845
183/425 [===========>..................] - ETA: 20:32 - loss: 0.0538 - acc: 0.9835 - tp: 0.9852 - tn: 0.9846
184/425 [===========>..................] - ETA: 20:27 - loss: 0.0536 - acc: 0.9836 - tp: 0.9852 - tn: 0.9847
185/425 [============>.................] - ETA: 20:22 - loss: 0.0535 - acc: 0.9837 - tp: 0.9853 - tn: 0.9847
186/425 [============>.................] - ETA: 20:17 - loss: 0.0534 - acc: 0.9837 - tp: 0.9853 - tn: 0.9848
187/425 [============>.................] - ETA: 20:12 - loss: 0.0532 - acc: 0.9838 - tp: 0.9854 - tn: 0.9848
188/425 [============>.................] - ETA: 20:07 - loss: 0.0531 - acc: 0.9838 - tp: 0.9854 - tn: 0.9848
189/425 [============>.................] - ETA: 20:01 - loss: 0.0529 - acc: 0.9839 - tp: 0.9855 - tn: 0.9849
190/425 [============>.................] - ETA: 19:56 - loss: 0.0527 - acc: 0.9839 - tp: 0.9855 - tn: 0.9849
191/425 [============>.................] - ETA: 19:51 - loss: 0.0526 - acc: 0.9840 - tp: 0.9855 - tn: 0.9850
192/425 [============>.................] - ETA: 19:46 - loss: 0.0524 - acc: 0.9840 - tp: 0.9856 - tn: 0.9850
193/425 [============>.................] - ETA: 19:41 - loss: 0.0522 - acc: 0.9841 - tp: 0.9856 - tn: 0.9851
194/425 [============>.................] - ETA: 19:36 - loss: 0.0520 - acc: 0.9842 - tp: 0.9857 - tn: 0.9852
195/425 [============>.................] - ETA: 19:31 - loss: 0.0519 - acc: 0.9842 - tp: 0.9857 - tn: 0.9853
196/425 [============>.................] - ETA: 19:25 - loss: 0.0517 - acc: 0.9843 - tp: 0.9858 - tn: 0.9853
197/425 [============>.................] - ETA: 19:21 - loss: 0.0515 - acc: 0.9844 - tp: 0.9859 - tn: 0.9854
198/425 [============>.................] - ETA: 19:16 - loss: 0.0513 - acc: 0.9844 - tp: 0.9859 - tn: 0.9854
199/425 [=============>................] - ETA: 19:10 - loss: 0.0512 - acc: 0.9845 - tp: 0.9860 - tn: 0.9854
200/425 [=============>................] - ETA: 19:05 - loss: 0.0510 - acc: 0.9846 - tp: 0.9861 - tn: 0.9855
201/425 [=============>................] - ETA: 19:00 - loss: 0.0508 - acc: 0.9846 - tp: 0.9861 - tn: 0.9856
202/425 [=============>................] - ETA: 18:55 - loss: 0.0507 - acc: 0.9847 - tp: 0.9862 - tn: 0.9856
203/425 [=============>................] - ETA: 18:50 - loss: 0.0505 - acc: 0.9847 - tp: 0.9863 - tn: 0.9856
204/425 [=============>................] - ETA: 18:45 - loss: 0.0503 - acc: 0.9848 - tp: 0.9863 - tn: 0.9857
205/425 [=============>................] - ETA: 18:40 - loss: 0.0502 - acc: 0.9848 - tp: 0.9863 - tn: 0.9858
206/425 [=============>................] - ETA: 18:34 - loss: 0.0501 - acc: 0.9849 - tp: 0.9864 - tn: 0.9858
207/425 [=============>................] - ETA: 18:29 - loss: 0.0501 - acc: 0.9849 - tp: 0.9864 - tn: 0.9858
208/425 [=============>................] - ETA: 18:24 - loss: 0.0499 - acc: 0.9850 - tp: 0.9865 - tn: 0.9858
209/425 [=============>................] - ETA: 18:19 - loss: 0.0497 - acc: 0.9850 - tp: 0.9865 - tn: 0.9859
210/425 [=============>................] - ETA: 18:14 - loss: 0.0496 - acc: 0.9851 - tp: 0.9866 - tn: 0.9859
211/425 [=============>................] - ETA: 18:09 - loss: 0.0494 - acc: 0.9851 - tp: 0.9866 - tn: 0.9860
212/425 [=============>................] - ETA: 18:04 - loss: 0.0493 - acc: 0.9852 - tp: 0.9867 - tn: 0.9860
213/425 [==============>...............] - ETA: 17:58 - loss: 0.0492 - acc: 0.9852 - tp: 0.9867 - tn: 0.9861
214/425 [==============>...............] - ETA: 17:53 - loss: 0.0490 - acc: 0.9853 - tp: 0.9868 - tn: 0.9861
215/425 [==============>...............] - ETA: 17:48 - loss: 0.0488 - acc: 0.9854 - tp: 0.9868 - tn: 0.9862
216/425 [==============>...............] - ETA: 17:43 - loss: 0.0487 - acc: 0.9854 - tp: 0.9869 - tn: 0.9862
217/425 [==============>...............] - ETA: 17:38 - loss: 0.0486 - acc: 0.9854 - tp: 0.9869 - tn: 0.9863
218/425 [==============>...............] - ETA: 17:33 - loss: 0.0486 - acc: 0.9854 - tp: 0.9869 - tn: 0.9862
219/425 [==============>...............] - ETA: 17:28 - loss: 0.0485 - acc: 0.9855 - tp: 0.9870 - tn: 0.9863
220/425 [==============>...............] - ETA: 17:23 - loss: 0.0483 - acc: 0.9855 - tp: 0.9870 - tn: 0.9863
221/425 [==============>...............] - ETA: 17:18 - loss: 0.0481 - acc: 0.9856 - tp: 0.9871 - tn: 0.9864
222/425 [==============>...............] - ETA: 17:12 - loss: 0.0479 - acc: 0.9857 - tp: 0.9872 - tn: 0.9865
223/425 [==============>...............] - ETA: 17:07 - loss: 0.0478 - acc: 0.9857 - tp: 0.9872 - tn: 0.9865
224/425 [==============>...............] - ETA: 17:02 - loss: 0.0477 - acc: 0.9858 - tp: 0.9872 - tn: 0.9866
225/425 [==============>...............] - ETA: 16:57 - loss: 0.0476 - acc: 0.9858 - tp: 0.9873 - tn: 0.9866
226/425 [==============>...............] - ETA: 16:52 - loss: 0.0474 - acc: 0.9859 - tp: 0.9873 - tn: 0.9867
227/425 [===============>..............] - ETA: 16:47 - loss: 0.0473 - acc: 0.9859 - tp: 0.9873 - tn: 0.9867
228/425 [===============>..............] - ETA: 16:42 - loss: 0.0472 - acc: 0.9860 - tp: 0.9873 - tn: 0.9868
229/425 [===============>..............] - ETA: 16:37 - loss: 0.0471 - acc: 0.9860 - tp: 0.9874 - tn: 0.9868
230/425 [===============>..............] - ETA: 16:32 - loss: 0.0469 - acc: 0.9860 - tp: 0.9874 - tn: 0.9868
231/425 [===============>..............] - ETA: 16:27 - loss: 0.0468 - acc: 0.9861 - tp: 0.9875 - tn: 0.9869
232/425 [===============>..............] - ETA: 16:22 - loss: 0.0467 - acc: 0.9861 - tp: 0.9875 - tn: 0.9869
233/425 [===============>..............] - ETA: 16:17 - loss: 0.0466 - acc: 0.9862 - tp: 0.9875 - tn: 0.9870
234/425 [===============>..............] - ETA: 16:12 - loss: 0.0465 - acc: 0.9862 - tp: 0.9876 - tn: 0.9871
235/425 [===============>..............] - ETA: 16:07 - loss: 0.0464 - acc: 0.9863 - tp: 0.9876 - tn: 0.9871
236/425 [===============>..............] - ETA: 16:02 - loss: 0.0464 - acc: 0.9863 - tp: 0.9876 - tn: 0.9871
237/425 [===============>..............] - ETA: 15:57 - loss: 0.0463 - acc: 0.9863 - tp: 0.9876 - tn: 0.9872
238/425 [===============>..............] - ETA: 15:52 - loss: 0.0461 - acc: 0.9864 - tp: 0.9877 - tn: 0.9872
239/425 [===============>..............] - ETA: 15:46 - loss: 0.0460 - acc: 0.9864 - tp: 0.9877 - tn: 0.9873
240/425 [===============>..............] - ETA: 15:41 - loss: 0.0458 - acc: 0.9865 - tp: 0.9878 - tn: 0.9873
241/425 [================>.............] - ETA: 15:36 - loss: 0.0458 - acc: 0.9865 - tp: 0.9878 - tn: 0.9873
242/425 [================>.............] - ETA: 15:31 - loss: 0.0458 - acc: 0.9865 - tp: 0.9877 - tn: 0.9873
243/425 [================>.............] - ETA: 15:26 - loss: 0.0456 - acc: 0.9866 - tp: 0.9878 - tn: 0.9874
244/425 [================>.............] - ETA: 15:21 - loss: 0.0455 - acc: 0.9866 - tp: 0.9878 - tn: 0.9874
245/425 [================>.............] - ETA: 15:16 - loss: 0.0454 - acc: 0.9866 - tp: 0.9879 - tn: 0.9875
246/425 [================>.............] - ETA: 15:11 - loss: 0.0453 - acc: 0.9867 - tp: 0.9879 - tn: 0.9875
247/425 [================>.............] - ETA: 15:05 - loss: 0.0452 - acc: 0.9867 - tp: 0.9879 - tn: 0.9875
248/425 [================>.............] - ETA: 15:00 - loss: 0.0452 - acc: 0.9867 - tp: 0.9880 - tn: 0.9875
249/425 [================>.............] - ETA: 14:55 - loss: 0.0451 - acc: 0.9867 - tp: 0.9880 - tn: 0.9875
250/425 [================>.............] - ETA: 14:50 - loss: 0.0456 - acc: 0.9865 - tp: 0.9878 - tn: 0.9873
251/425 [================>.............] - ETA: 14:45 - loss: 0.0455 - acc: 0.9866 - tp: 0.9879 - tn: 0.9873
252/425 [================>.............] - ETA: 14:40 - loss: 0.0454 - acc: 0.9866 - tp: 0.9879 - tn: 0.9873
253/425 [================>.............] - ETA: 14:35 - loss: 0.0453 - acc: 0.9866 - tp: 0.9879 - tn: 0.9874
254/425 [================>.............] - ETA: 14:30 - loss: 0.0452 - acc: 0.9867 - tp: 0.9880 - tn: 0.9874
255/425 [=================>............] - ETA: 14:25 - loss: 0.0451 - acc: 0.9867 - tp: 0.9880 - tn: 0.9874
256/425 [=================>............] - ETA: 14:20 - loss: 0.0449 - acc: 0.9868 - tp: 0.9881 - tn: 0.9875
257/425 [=================>............] - ETA: 14:15 - loss: 0.0448 - acc: 0.9868 - tp: 0.9881 - tn: 0.9875
258/425 [=================>............] - ETA: 14:09 - loss: 0.0447 - acc: 0.9868 - tp: 0.9881 - tn: 0.9875
259/425 [=================>............] - ETA: 14:04 - loss: 0.0447 - acc: 0.9869 - tp: 0.9882 - tn: 0.9876
260/425 [=================>............] - ETA: 13:59 - loss: 0.0446 - acc: 0.9869 - tp: 0.9882 - tn: 0.9876
261/425 [=================>............] - ETA: 13:54 - loss: 0.0445 - acc: 0.9870 - tp: 0.9883 - tn: 0.9876
262/425 [=================>............] - ETA: 13:49 - loss: 0.0444 - acc: 0.9870 - tp: 0.9883 - tn: 0.9877
263/425 [=================>............] - ETA: 13:44 - loss: 0.0443 - acc: 0.9870 - tp: 0.9883 - tn: 0.9877
264/425 [=================>............] - ETA: 13:39 - loss: 0.0442 - acc: 0.9870 - tp: 0.9883 - tn: 0.9877
265/425 [=================>............] - ETA: 13:34 - loss: 0.0441 - acc: 0.9871 - tp: 0.9884 - tn: 0.9877
266/425 [=================>............] - ETA: 13:29 - loss: 0.0440 - acc: 0.9871 - tp: 0.9884 - tn: 0.9878
267/425 [=================>............] - ETA: 13:24 - loss: 0.0439 - acc: 0.9872 - tp: 0.9885 - tn: 0.9878
268/425 [=================>............] - ETA: 13:19 - loss: 0.0441 - acc: 0.9871 - tp: 0.9883 - tn: 0.9878
269/425 [=================>............] - ETA: 13:14 - loss: 0.0440 - acc: 0.9871 - tp: 0.9884 - tn: 0.9879
270/425 [==================>...........] - ETA: 13:08 - loss: 0.0438 - acc: 0.9872 - tp: 0.9884 - tn: 0.9879
271/425 [==================>...........] - ETA: 13:03 - loss: 0.0437 - acc: 0.9872 - tp: 0.9885 - tn: 0.9879
272/425 [==================>...........] - ETA: 12:58 - loss: 0.0437 - acc: 0.9873 - tp: 0.9885 - tn: 0.9879
273/425 [==================>...........] - ETA: 12:53 - loss: 0.0436 - acc: 0.9873 - tp: 0.9885 - tn: 0.9879
274/425 [==================>...........] - ETA: 12:48 - loss: 0.0435 - acc: 0.9873 - tp: 0.9886 - tn: 0.9880
275/425 [==================>...........] - ETA: 12:43 - loss: 0.0434 - acc: 0.9873 - tp: 0.9886 - tn: 0.9880
276/425 [==================>...........] - ETA: 12:38 - loss: 0.0433 - acc: 0.9873 - tp: 0.9885 - tn: 0.9880
277/425 [==================>...........] - ETA: 12:33 - loss: 0.0432 - acc: 0.9874 - tp: 0.9886 - tn: 0.9881
278/425 [==================>...........] - ETA: 12:28 - loss: 0.0431 - acc: 0.9874 - tp: 0.9886 - tn: 0.9881
279/425 [==================>...........] - ETA: 12:23 - loss: 0.0430 - acc: 0.9874 - tp: 0.9886 - tn: 0.9881
280/425 [==================>...........] - ETA: 12:18 - loss: 0.0429 - acc: 0.9875 - tp: 0.9887 - tn: 0.9882
281/425 [==================>...........] - ETA: 12:12 - loss: 0.0428 - acc: 0.9875 - tp: 0.9887 - tn: 0.9882
282/425 [==================>...........] - ETA: 12:07 - loss: 0.0427 - acc: 0.9876 - tp: 0.9888 - tn: 0.9883
283/425 [==================>...........] - ETA: 12:02 - loss: 0.0426 - acc: 0.9876 - tp: 0.9888 - tn: 0.9883
284/425 [===================>..........] - ETA: 11:57 - loss: 0.0427 - acc: 0.9876 - tp: 0.9887 - tn: 0.9883
285/425 [===================>..........] - ETA: 11:52 - loss: 0.0426 - acc: 0.9876 - tp: 0.9888 - tn: 0.9884
286/425 [===================>..........] - ETA: 11:47 - loss: 0.0426 - acc: 0.9877 - tp: 0.9888 - tn: 0.9884
287/425 [===================>..........] - ETA: 11:42 - loss: 0.0425 - acc: 0.9877 - tp: 0.9888 - tn: 0.9884
288/425 [===================>..........] - ETA: 11:37 - loss: 0.0423 - acc: 0.9877 - tp: 0.9889 - tn: 0.9884
289/425 [===================>..........] - ETA: 11:32 - loss: 0.0423 - acc: 0.9878 - tp: 0.9889 - tn: 0.9885
290/425 [===================>..........] - ETA: 11:27 - loss: 0.0422 - acc: 0.9878 - tp: 0.9889 - tn: 0.9885
291/425 [===================>..........] - ETA: 11:22 - loss: 0.0421 - acc: 0.9878 - tp: 0.9889 - tn: 0.9885
292/425 [===================>..........] - ETA: 11:16 - loss: 0.0420 - acc: 0.9879 - tp: 0.9890 - tn: 0.9886
293/425 [===================>..........] - ETA: 11:11 - loss: 0.0419 - acc: 0.9879 - tp: 0.9890 - tn: 0.9886
294/425 [===================>..........] - ETA: 11:06 - loss: 0.0418 - acc: 0.9879 - tp: 0.9890 - tn: 0.9886
295/425 [===================>..........] - ETA: 11:01 - loss: 0.0417 - acc: 0.9880 - tp: 0.9891 - tn: 0.9886
296/425 [===================>..........] - ETA: 10:56 - loss: 0.0417 - acc: 0.9880 - tp: 0.9891 - tn: 0.9887
297/425 [===================>..........] - ETA: 10:51 - loss: 0.0416 - acc: 0.9880 - tp: 0.9891 - tn: 0.9887
298/425 [====================>.........] - ETA: 10:46 - loss: 0.0415 - acc: 0.9880 - tp: 0.9891 - tn: 0.9887
299/425 [====================>.........] - ETA: 10:41 - loss: 0.0416 - acc: 0.9880 - tp: 0.9891 - tn: 0.9887
300/425 [====================>.........] - ETA: 10:36 - loss: 0.0414 - acc: 0.9880 - tp: 0.9891 - tn: 0.9887
301/425 [====================>.........] - ETA: 10:31 - loss: 0.0414 - acc: 0.9881 - tp: 0.9891 - tn: 0.9888
302/425 [====================>.........] - ETA: 10:26 - loss: 0.0413 - acc: 0.9881 - tp: 0.9892 - tn: 0.9888
303/425 [====================>.........] - ETA: 10:21 - loss: 0.0412 - acc: 0.9881 - tp: 0.9892 - tn: 0.9888
304/425 [====================>.........] - ETA: 10:15 - loss: 0.0411 - acc: 0.9882 - tp: 0.9892 - tn: 0.9888
305/425 [====================>.........] - ETA: 10:10 - loss: 0.0410 - acc: 0.9882 - tp: 0.9893 - tn: 0.9889
306/425 [====================>.........] - ETA: 10:05 - loss: 0.0409 - acc: 0.9882 - tp: 0.9893 - tn: 0.9889
307/425 [====================>.........] - ETA: 10:00 - loss: 0.0409 - acc: 0.9882 - tp: 0.9893 - tn: 0.9889
308/425 [====================>.........] - ETA: 9:55 - loss: 0.0407 - acc: 0.9883 - tp: 0.9893 - tn: 0.9889 
309/425 [====================>.........] - ETA: 9:50 - loss: 0.0407 - acc: 0.9883 - tp: 0.9894 - tn: 0.9890
310/425 [====================>.........] - ETA: 9:45 - loss: 0.0406 - acc: 0.9883 - tp: 0.9894 - tn: 0.9889
311/425 [====================>.........] - ETA: 9:40 - loss: 0.0405 - acc: 0.9883 - tp: 0.9894 - tn: 0.9890
312/425 [=====================>........] - ETA: 9:35 - loss: 0.0404 - acc: 0.9884 - tp: 0.9894 - tn: 0.9890
313/425 [=====================>........] - ETA: 9:30 - loss: 0.0404 - acc: 0.9884 - tp: 0.9894 - tn: 0.9890
314/425 [=====================>........] - ETA: 9:24 - loss: 0.0403 - acc: 0.9884 - tp: 0.9894 - tn: 0.9891
315/425 [=====================>........] - ETA: 9:19 - loss: 0.0402 - acc: 0.9884 - tp: 0.9895 - tn: 0.9891
316/425 [=====================>........] - ETA: 9:14 - loss: 0.0401 - acc: 0.9885 - tp: 0.9895 - tn: 0.9891
317/425 [=====================>........] - ETA: 9:09 - loss: 0.0400 - acc: 0.9885 - tp: 0.9895 - tn: 0.9892
318/425 [=====================>........] - ETA: 9:04 - loss: 0.0399 - acc: 0.9885 - tp: 0.9895 - tn: 0.9892
319/425 [=====================>........] - ETA: 8:59 - loss: 0.0398 - acc: 0.9886 - tp: 0.9896 - tn: 0.9892
320/425 [=====================>........] - ETA: 8:54 - loss: 0.0398 - acc: 0.9886 - tp: 0.9895 - tn: 0.9893
321/425 [=====================>........] - ETA: 8:49 - loss: 0.0397 - acc: 0.9886 - tp: 0.9896 - tn: 0.9893
322/425 [=====================>........] - ETA: 8:44 - loss: 0.0396 - acc: 0.9886 - tp: 0.9896 - tn: 0.9893
323/425 [=====================>........] - ETA: 8:39 - loss: 0.0395 - acc: 0.9887 - tp: 0.9896 - tn: 0.9894
324/425 [=====================>........] - ETA: 8:33 - loss: 0.0394 - acc: 0.9887 - tp: 0.9896 - tn: 0.9894
325/425 [=====================>........] - ETA: 8:28 - loss: 0.0394 - acc: 0.9887 - tp: 0.9897 - tn: 0.9894
326/425 [======================>.......] - ETA: 8:23 - loss: 0.0393 - acc: 0.9887 - tp: 0.9897 - tn: 0.9894
327/425 [======================>.......] - ETA: 8:18 - loss: 0.0393 - acc: 0.9888 - tp: 0.9897 - tn: 0.9894
328/425 [======================>.......] - ETA: 8:13 - loss: 0.0392 - acc: 0.9888 - tp: 0.9897 - tn: 0.9895
329/425 [======================>.......] - ETA: 8:08 - loss: 0.0391 - acc: 0.9888 - tp: 0.9897 - tn: 0.9895
330/425 [======================>.......] - ETA: 8:03 - loss: 0.0390 - acc: 0.9889 - tp: 0.9898 - tn: 0.9895
331/425 [======================>.......] - ETA: 7:58 - loss: 0.0389 - acc: 0.9889 - tp: 0.9898 - tn: 0.9895
332/425 [======================>.......] - ETA: 7:53 - loss: 0.0389 - acc: 0.9889 - tp: 0.9898 - tn: 0.9896
333/425 [======================>.......] - ETA: 7:48 - loss: 0.0388 - acc: 0.9889 - tp: 0.9898 - tn: 0.9896
334/425 [======================>.......] - ETA: 7:43 - loss: 0.0387 - acc: 0.9889 - tp: 0.9898 - tn: 0.9896
335/425 [======================>.......] - ETA: 7:38 - loss: 0.0386 - acc: 0.9890 - tp: 0.9899 - tn: 0.9896
336/425 [======================>.......] - ETA: 7:32 - loss: 0.0386 - acc: 0.9890 - tp: 0.9898 - tn: 0.9897
337/425 [======================>.......] - ETA: 7:27 - loss: 0.0385 - acc: 0.9890 - tp: 0.9899 - tn: 0.9897
338/425 [======================>.......] - ETA: 7:22 - loss: 0.0384 - acc: 0.9890 - tp: 0.9899 - tn: 0.9897
339/425 [======================>.......] - ETA: 7:17 - loss: 0.0384 - acc: 0.9891 - tp: 0.9899 - tn: 0.9897
340/425 [=======================>......] - ETA: 7:12 - loss: 0.0383 - acc: 0.9891 - tp: 0.9899 - tn: 0.9898
341/425 [=======================>......] - ETA: 7:07 - loss: 0.0382 - acc: 0.9891 - tp: 0.9900 - tn: 0.9898
342/425 [=======================>......] - ETA: 7:02 - loss: 0.0381 - acc: 0.9891 - tp: 0.9900 - tn: 0.9898
343/425 [=======================>......] - ETA: 6:57 - loss: 0.0380 - acc: 0.9892 - tp: 0.9900 - tn: 0.9898
344/425 [=======================>......] - ETA: 6:52 - loss: 0.0380 - acc: 0.9892 - tp: 0.9900 - tn: 0.9898
345/425 [=======================>......] - ETA: 6:47 - loss: 0.0380 - acc: 0.9892 - tp: 0.9900 - tn: 0.9899
346/425 [=======================>......] - ETA: 6:42 - loss: 0.0379 - acc: 0.9892 - tp: 0.9901 - tn: 0.9899
347/425 [=======================>......] - ETA: 6:36 - loss: 0.0378 - acc: 0.9892 - tp: 0.9901 - tn: 0.9899
348/425 [=======================>......] - ETA: 6:31 - loss: 0.0377 - acc: 0.9893 - tp: 0.9901 - tn: 0.9899
349/425 [=======================>......] - ETA: 6:26 - loss: 0.0377 - acc: 0.9893 - tp: 0.9901 - tn: 0.9900
350/425 [=======================>......] - ETA: 6:21 - loss: 0.0376 - acc: 0.9893 - tp: 0.9901 - tn: 0.9900
351/425 [=======================>......] - ETA: 6:16 - loss: 0.0376 - acc: 0.9893 - tp: 0.9901 - tn: 0.9900
352/425 [=======================>......] - ETA: 6:11 - loss: 0.0375 - acc: 0.9893 - tp: 0.9902 - tn: 0.9900
353/425 [=======================>......] - ETA: 6:06 - loss: 0.0374 - acc: 0.9894 - tp: 0.9902 - tn: 0.9900
354/425 [=======================>......] - ETA: 6:01 - loss: 0.0373 - acc: 0.9894 - tp: 0.9902 - tn: 0.9900
355/425 [========================>.....] - ETA: 5:56 - loss: 0.0372 - acc: 0.9894 - tp: 0.9902 - tn: 0.9901
356/425 [========================>.....] - ETA: 5:51 - loss: 0.0372 - acc: 0.9894 - tp: 0.9903 - tn: 0.9901
357/425 [========================>.....] - ETA: 5:46 - loss: 0.0371 - acc: 0.9895 - tp: 0.9903 - tn: 0.9901
358/425 [========================>.....] - ETA: 5:40 - loss: 0.0370 - acc: 0.9895 - tp: 0.9903 - tn: 0.9901
359/425 [========================>.....] - ETA: 5:35 - loss: 0.0370 - acc: 0.9895 - tp: 0.9903 - tn: 0.9901
360/425 [========================>.....] - ETA: 5:30 - loss: 0.0369 - acc: 0.9895 - tp: 0.9904 - tn: 0.9902
361/425 [========================>.....] - ETA: 5:25 - loss: 0.0370 - acc: 0.9895 - tp: 0.9903 - tn: 0.9902
362/425 [========================>.....] - ETA: 5:20 - loss: 0.0370 - acc: 0.9895 - tp: 0.9903 - tn: 0.9902
363/425 [========================>.....] - ETA: 5:15 - loss: 0.0369 - acc: 0.9895 - tp: 0.9903 - tn: 0.9902
364/425 [========================>.....] - ETA: 5:10 - loss: 0.0368 - acc: 0.9896 - tp: 0.9903 - tn: 0.9903
365/425 [========================>.....] - ETA: 5:05 - loss: 0.0367 - acc: 0.9896 - tp: 0.9903 - tn: 0.9903
366/425 [========================>.....] - ETA: 5:00 - loss: 0.0367 - acc: 0.9896 - tp: 0.9903 - tn: 0.9903
367/425 [========================>.....] - ETA: 4:55 - loss: 0.0366 - acc: 0.9896 - tp: 0.9903 - tn: 0.9903
368/425 [========================>.....] - ETA: 4:50 - loss: 0.0366 - acc: 0.9896 - tp: 0.9904 - tn: 0.9904
369/425 [=========================>....] - ETA: 4:45 - loss: 0.0365 - acc: 0.9897 - tp: 0.9904 - tn: 0.9904
370/425 [=========================>....] - ETA: 4:39 - loss: 0.0366 - acc: 0.9897 - tp: 0.9904 - tn: 0.9903
371/425 [=========================>....] - ETA: 4:34 - loss: 0.0366 - acc: 0.9897 - tp: 0.9904 - tn: 0.9903
372/425 [=========================>....] - ETA: 4:29 - loss: 0.0365 - acc: 0.9897 - tp: 0.9904 - tn: 0.9904
373/425 [=========================>....] - ETA: 4:24 - loss: 0.0364 - acc: 0.9897 - tp: 0.9905 - tn: 0.9904
374/425 [=========================>....] - ETA: 4:19 - loss: 0.0364 - acc: 0.9897 - tp: 0.9905 - tn: 0.9904
375/425 [=========================>....] - ETA: 4:14 - loss: 0.0363 - acc: 0.9897 - tp: 0.9905 - tn: 0.9904
376/425 [=========================>....] - ETA: 4:09 - loss: 0.0364 - acc: 0.9897 - tp: 0.9905 - tn: 0.9904
377/425 [=========================>....] - ETA: 4:04 - loss: 0.0363 - acc: 0.9897 - tp: 0.9905 - tn: 0.9904
378/425 [=========================>....] - ETA: 3:59 - loss: 0.0363 - acc: 0.9898 - tp: 0.9905 - tn: 0.9904
379/425 [=========================>....] - ETA: 3:54 - loss: 0.0363 - acc: 0.9898 - tp: 0.9905 - tn: 0.9904
380/425 [=========================>....] - ETA: 3:49 - loss: 0.0362 - acc: 0.9898 - tp: 0.9905 - tn: 0.9905
381/425 [=========================>....] - ETA: 3:43 - loss: 0.0362 - acc: 0.9898 - tp: 0.9905 - tn: 0.9904
382/425 [=========================>....] - ETA: 3:38 - loss: 0.0362 - acc: 0.9898 - tp: 0.9906 - tn: 0.9904
383/425 [==========================>...] - ETA: 3:33 - loss: 0.0361 - acc: 0.9898 - tp: 0.9906 - tn: 0.9904
384/425 [==========================>...] - ETA: 3:28 - loss: 0.0360 - acc: 0.9898 - tp: 0.9906 - tn: 0.9905
385/425 [==========================>...] - ETA: 3:23 - loss: 0.0360 - acc: 0.9899 - tp: 0.9906 - tn: 0.9905
386/425 [==========================>...] - ETA: 3:18 - loss: 0.0359 - acc: 0.9899 - tp: 0.9906 - tn: 0.9905
387/425 [==========================>...] - ETA: 3:13 - loss: 0.0359 - acc: 0.9899 - tp: 0.9906 - tn: 0.9905
388/425 [==========================>...] - ETA: 3:08 - loss: 0.0358 - acc: 0.9899 - tp: 0.9907 - tn: 0.9905
389/425 [==========================>...] - ETA: 3:03 - loss: 0.0357 - acc: 0.9899 - tp: 0.9907 - tn: 0.9906
390/425 [==========================>...] - ETA: 2:58 - loss: 0.0357 - acc: 0.9900 - tp: 0.9907 - tn: 0.9906
391/425 [==========================>...] - ETA: 2:53 - loss: 0.0356 - acc: 0.9900 - tp: 0.9907 - tn: 0.9906
392/425 [==========================>...] - ETA: 2:47 - loss: 0.0355 - acc: 0.9900 - tp: 0.9907 - tn: 0.9906
393/425 [==========================>...] - ETA: 2:42 - loss: 0.0355 - acc: 0.9900 - tp: 0.9908 - tn: 0.9906
394/425 [==========================>...] - ETA: 2:37 - loss: 0.0354 - acc: 0.9900 - tp: 0.9908 - tn: 0.9907
395/425 [==========================>...] - ETA: 2:32 - loss: 0.0354 - acc: 0.9901 - tp: 0.9908 - tn: 0.9907
396/425 [==========================>...] - ETA: 2:27 - loss: 0.0353 - acc: 0.9901 - tp: 0.9908 - tn: 0.9907
397/425 [===========================>..] - ETA: 2:22 - loss: 0.0352 - acc: 0.9901 - tp: 0.9908 - tn: 0.9907
398/425 [===========================>..] - ETA: 2:17 - loss: 0.0352 - acc: 0.9901 - tp: 0.9909 - tn: 0.9908
399/425 [===========================>..] - ETA: 2:12 - loss: 0.0352 - acc: 0.9901 - tp: 0.9909 - tn: 0.9907
400/425 [===========================>..] - ETA: 2:07 - loss: 0.0351 - acc: 0.9901 - tp: 0.9909 - tn: 0.9907
401/425 [===========================>..] - ETA: 2:02 - loss: 0.0350 - acc: 0.9902 - tp: 0.9909 - tn: 0.9907
402/425 [===========================>..] - ETA: 1:57 - loss: 0.0350 - acc: 0.9902 - tp: 0.9909 - tn: 0.9908
403/425 [===========================>..] - ETA: 1:51 - loss: 0.0349 - acc: 0.9902 - tp: 0.9909 - tn: 0.9908
404/425 [===========================>..] - ETA: 1:46 - loss: 0.0349 - acc: 0.9902 - tp: 0.9910 - tn: 0.9908
405/425 [===========================>..] - ETA: 1:41 - loss: 0.0348 - acc: 0.9902 - tp: 0.9910 - tn: 0.9908
406/425 [===========================>..] - ETA: 1:36 - loss: 0.0348 - acc: 0.9903 - tp: 0.9910 - tn: 0.9908
407/425 [===========================>..] - ETA: 1:31 - loss: 0.0347 - acc: 0.9903 - tp: 0.9910 - tn: 0.9909
408/425 [===========================>..] - ETA: 1:26 - loss: 0.0347 - acc: 0.9903 - tp: 0.9910 - tn: 0.9908
409/425 [===========================>..] - ETA: 1:21 - loss: 0.0347 - acc: 0.9903 - tp: 0.9910 - tn: 0.9908
410/425 [===========================>..] - ETA: 1:16 - loss: 0.0346 - acc: 0.9903 - tp: 0.9911 - tn: 0.9909
411/425 [============================>.] - ETA: 1:11 - loss: 0.0346 - acc: 0.9903 - tp: 0.9911 - tn: 0.9909
412/425 [============================>.] - ETA: 1:06 - loss: 0.0345 - acc: 0.9904 - tp: 0.9911 - tn: 0.9909
413/425 [============================>.] - ETA: 1:01 - loss: 0.0345 - acc: 0.9904 - tp: 0.9911 - tn: 0.9909
414/425 [============================>.] - ETA: 56s - loss: 0.0344 - acc: 0.9904 - tp: 0.9911 - tn: 0.9909 
415/425 [============================>.] - ETA: 50s - loss: 0.0343 - acc: 0.9904 - tp: 0.9911 - tn: 0.9910
416/425 [============================>.] - ETA: 45s - loss: 0.0343 - acc: 0.9904 - tp: 0.9911 - tn: 0.9910
417/425 [============================>.] - ETA: 40s - loss: 0.0342 - acc: 0.9905 - tp: 0.9912 - tn: 0.9910
418/425 [============================>.] - ETA: 35s - loss: 0.0342 - acc: 0.9905 - tp: 0.9912 - tn: 0.9910
419/425 [============================>.] - ETA: 30s - loss: 0.0341 - acc: 0.9905 - tp: 0.9912 - tn: 0.9910
420/425 [============================>.] - ETA: 25s - loss: 0.0341 - acc: 0.9905 - tp: 0.9912 - tn: 0.9910
421/425 [============================>.] - ETA: 20s - loss: 0.0340 - acc: 0.9905 - tp: 0.9912 - tn: 0.9910
422/425 [============================>.] - ETA: 15s - loss: 0.0340 - acc: 0.9905 - tp: 0.9912 - tn: 0.9911
423/425 [============================>.] - ETA: 10s - loss: 0.0339 - acc: 0.9905 - tp: 0.9912 - tn: 0.9911
424/425 [============================>.] - ETA: 5s - loss: 0.0339 - acc: 0.9905 - tp: 0.9912 - tn: 0.9911 
425/425 [==============================] - 2212s 5s/step - loss: 0.0338 - acc: 0.9906 - tp: 0.9913 - tn: 0.9911 - val_loss: 3.7731 - val_acc: 0.4776 - val_tp: 0.0000e+00 - val_tn: 0.9770

Epoch 00002: val_tp did not improve from 0.01409
