INFO:root:Combined Model 
INFO:root:Batch_size 623, epochs 5
INFO:root:Combined Model 
INFO:root:Batch_size 623, epochs 5
INFO:root:Combined Model 
INFO:root:Batch_size 623, epochs 5
INFO:root:Combined Model 
INFO:root:Batch_size 623, epochs 5
INFO:root:Combined Model 
INFO:root:Batch_size 623, epochs 5
INFO:root:Combined Model 
INFO:root:Batch_size 623, epochs 5
INFO:root:Combined Model 
INFO:root:Batch_size 623, epochs 5
INFO:root:Combined Model 
INFO:root:Batch_size 623, epochs 5
INFO:root:Combined Model 
INFO:root:Batch_size 623, epochs 5
INFO:root:Combined Model 
INFO:root:Batch_size 623, epochs 5
INFO:root:Combined Model 
INFO:root:Batch_size 623, epochs 5
WARNING:tensorflow:From /home/taliah/Documents/Course/Project/working/lib/python3.7/site-packages/tensorflow/python/framework/op_def_library.py:263: colocate_with (from tensorflow.python.framework.ops) is deprecated and will be removed in a future version.
Instructions for updating:
Colocations handled automatically by placer.
INFO:root:Combined Model 
INFO:root:Batch_size 623, epochs 5
WARNING:tensorflow:From /home/taliah/Documents/Course/Project/working/lib/python3.7/site-packages/tensorflow/python/framework/op_def_library.py:263: colocate_with (from tensorflow.python.framework.ops) is deprecated and will be removed in a future version.
Instructions for updating:
Colocations handled automatically by placer.
INFO:root:Combined Model 
INFO:root:Batch_size 623, epochs 5
WARNING:tensorflow:From /home/taliah/Documents/Course/Project/working/lib/python3.7/site-packages/tensorflow/python/framework/op_def_library.py:263: colocate_with (from tensorflow.python.framework.ops) is deprecated and will be removed in a future version.
Instructions for updating:
Colocations handled automatically by placer.
INFO:root:Combined Model 
INFO:root:Batch_size 623, epochs 5
WARNING:tensorflow:From /home/taliah/Documents/Course/Project/working/lib/python3.7/site-packages/tensorflow/python/framework/op_def_library.py:263: colocate_with (from tensorflow.python.framework.ops) is deprecated and will be removed in a future version.
Instructions for updating:
Colocations handled automatically by placer.
INFO:root:Combined Model 
INFO:root:Batch_size 623, epochs 5
WARNING:tensorflow:From /home/taliah/Documents/Course/Project/working/lib/python3.7/site-packages/tensorflow/python/framework/op_def_library.py:263: colocate_with (from tensorflow.python.framework.ops) is deprecated and will be removed in a future version.
Instructions for updating:
Colocations handled automatically by placer.
INFO:root:Combined Model 
INFO:root:Batch_size 623, epochs 5
WARNING:tensorflow:From /home/taliah/Documents/Course/Project/working/lib/python3.7/site-packages/tensorflow/python/framework/op_def_library.py:263: colocate_with (from tensorflow.python.framework.ops) is deprecated and will be removed in a future version.
Instructions for updating:
Colocations handled automatically by placer.
INFO:root:Combined Model 
INFO:root:Batch_size 623, epochs 5
WARNING:tensorflow:From /home/taliah/Documents/Course/Project/working/lib/python3.7/site-packages/tensorflow/python/framework/op_def_library.py:263: colocate_with (from tensorflow.python.framework.ops) is deprecated and will be removed in a future version.
Instructions for updating:
Colocations handled automatically by placer.
INFO:root:Combined Model 
INFO:root:Batch_size 623, epochs 5
WARNING:tensorflow:From /home/taliah/Documents/Course/Project/working/lib/python3.7/site-packages/tensorflow/python/framework/op_def_library.py:263: colocate_with (from tensorflow.python.framework.ops) is deprecated and will be removed in a future version.
Instructions for updating:
Colocations handled automatically by placer.
INFO:root:Combined Model 
INFO:root:Batch_size 623, epochs 5
WARNING:tensorflow:From /home/taliah/Documents/Course/Project/working/lib/python3.7/site-packages/tensorflow/python/framework/op_def_library.py:263: colocate_with (from tensorflow.python.framework.ops) is deprecated and will be removed in a future version.
Instructions for updating:
Colocations handled automatically by placer.
INFO:root:Combined Model 
INFO:root:Batch_size 623, epochs 5
WARNING:tensorflow:From /home/taliah/Documents/Course/Project/working/lib/python3.7/site-packages/tensorflow/python/framework/op_def_library.py:263: colocate_with (from tensorflow.python.framework.ops) is deprecated and will be removed in a future version.
Instructions for updating:
Colocations handled automatically by placer.
INFO:root:Combined Model 
INFO:root:Batch_size 623, epochs 5
WARNING:tensorflow:From /home/taliah/Documents/Course/Project/working/lib/python3.7/site-packages/tensorflow/python/framework/op_def_library.py:263: colocate_with (from tensorflow.python.framework.ops) is deprecated and will be removed in a future version.
Instructions for updating:
Colocations handled automatically by placer.
INFO:root:Combined Model 
INFO:root:Batch_size 623, epochs 5
WARNING:tensorflow:From /home/taliah/Documents/Course/Project/working/lib/python3.7/site-packages/tensorflow/python/framework/op_def_library.py:263: colocate_with (from tensorflow.python.framework.ops) is deprecated and will be removed in a future version.
Instructions for updating:
Colocations handled automatically by placer.
INFO:root:Combined Model 
INFO:root:Batch_size 623, epochs 5
WARNING:tensorflow:From /home/taliah/Documents/Course/Project/working/lib/python3.7/site-packages/tensorflow/python/framework/op_def_library.py:263: colocate_with (from tensorflow.python.framework.ops) is deprecated and will be removed in a future version.
Instructions for updating:
Colocations handled automatically by placer.
INFO:root:Combined Model 
INFO:root:Batch_size 623, epochs 5
WARNING:tensorflow:From /home/taliah/Documents/Course/Project/working/lib/python3.7/site-packages/tensorflow/python/framework/op_def_library.py:263: colocate_with (from tensorflow.python.framework.ops) is deprecated and will be removed in a future version.
Instructions for updating:
Colocations handled automatically by placer.
INFO:root:Combined Model 
INFO:root:Batch_size 623, epochs 5
WARNING:tensorflow:From /home/taliah/Documents/Course/Project/working/lib/python3.7/site-packages/tensorflow/python/framework/op_def_library.py:263: colocate_with (from tensorflow.python.framework.ops) is deprecated and will be removed in a future version.
Instructions for updating:
Colocations handled automatically by placer.
INFO:root:Combined Model 
INFO:root:Batch_size 623, epochs 5
WARNING:tensorflow:From /home/taliah/Documents/Course/Project/working/lib/python3.7/site-packages/tensorflow/python/framework/op_def_library.py:263: colocate_with (from tensorflow.python.framework.ops) is deprecated and will be removed in a future version.
Instructions for updating:
Colocations handled automatically by placer.
INFO:root:Combined Model 
INFO:root:Batch_size 623, epochs 5
WARNING:tensorflow:From /home/taliah/Documents/Course/Project/working/lib/python3.7/site-packages/tensorflow/python/framework/op_def_library.py:263: colocate_with (from tensorflow.python.framework.ops) is deprecated and will be removed in a future version.
Instructions for updating:
Colocations handled automatically by placer.
INFO:root:Combined Model 
INFO:root:Batch_size 623, epochs 5
WARNING:tensorflow:From /home/taliah/Documents/Course/Project/working/lib/python3.7/site-packages/tensorflow/python/framework/op_def_library.py:263: colocate_with (from tensorflow.python.framework.ops) is deprecated and will be removed in a future version.
Instructions for updating:
Colocations handled automatically by placer.
INFO:root:Combined Model 
INFO:root:Batch_size 623, epochs 5
WARNING:tensorflow:From /home/taliah/Documents/Course/Project/working/lib/python3.7/site-packages/tensorflow/python/framework/op_def_library.py:263: colocate_with (from tensorflow.python.framework.ops) is deprecated and will be removed in a future version.
Instructions for updating:
Colocations handled automatically by placer.
INFO:root:Combined Model 
INFO:root:Batch_size 623, epochs 5
WARNING:tensorflow:From /home/taliah/Documents/Course/Project/working/lib/python3.7/site-packages/tensorflow/python/framework/op_def_library.py:263: colocate_with (from tensorflow.python.framework.ops) is deprecated and will be removed in a future version.
Instructions for updating:
Colocations handled automatically by placer.
INFO:root:Combined Model 
INFO:root:Batch_size 623, epochs 5
WARNING:tensorflow:From /home/taliah/Documents/Course/Project/working/lib/python3.7/site-packages/tensorflow/python/framework/op_def_library.py:263: colocate_with (from tensorflow.python.framework.ops) is deprecated and will be removed in a future version.
Instructions for updating:
Colocations handled automatically by placer.
INFO:root:Combined Model 
INFO:root:Batch_size 623, epochs 5
WARNING:tensorflow:From /home/taliah/Documents/Course/Project/working/lib/python3.7/site-packages/tensorflow/python/framework/op_def_library.py:263: colocate_with (from tensorflow.python.framework.ops) is deprecated and will be removed in a future version.
Instructions for updating:
Colocations handled automatically by placer.
INFO:root:Combined Model 
INFO:root:Batch_size 623, epochs 5
WARNING:tensorflow:From /home/taliah/Documents/Course/Project/working/lib/python3.7/site-packages/tensorflow/python/framework/op_def_library.py:263: colocate_with (from tensorflow.python.framework.ops) is deprecated and will be removed in a future version.
Instructions for updating:
Colocations handled automatically by placer.
INFO:root:Combined Model 
INFO:root:Batch_size 623, epochs 5
WARNING:tensorflow:From /home/taliah/Documents/Course/Project/working/lib/python3.7/site-packages/tensorflow/python/framework/op_def_library.py:263: colocate_with (from tensorflow.python.framework.ops) is deprecated and will be removed in a future version.
Instructions for updating:
Colocations handled automatically by placer.
INFO:root:Combined Model 
INFO:root:Batch_size 623, epochs 5
WARNING:tensorflow:From /home/taliah/Documents/Course/Project/working/lib/python3.7/site-packages/tensorflow/python/framework/op_def_library.py:263: colocate_with (from tensorflow.python.framework.ops) is deprecated and will be removed in a future version.
Instructions for updating:
Colocations handled automatically by placer.
INFO:root:Combined Model 
INFO:root:Batch_size 623, epochs 5
WARNING:tensorflow:From /home/taliah/Documents/Course/Project/working/lib/python3.7/site-packages/tensorflow/python/framework/op_def_library.py:263: colocate_with (from tensorflow.python.framework.ops) is deprecated and will be removed in a future version.
Instructions for updating:
Colocations handled automatically by placer.
INFO:root:Combined Model 
INFO:root:Batch_size 623, epochs 5
WARNING:tensorflow:From /home/taliah/Documents/Course/Project/working/lib/python3.7/site-packages/tensorflow/python/framework/op_def_library.py:263: colocate_with (from tensorflow.python.framework.ops) is deprecated and will be removed in a future version.
Instructions for updating:
Colocations handled automatically by placer.
INFO:root:Combined Model 
INFO:root:Batch_size 623, epochs 5
WARNING:tensorflow:From /home/taliah/Documents/Course/Project/working/lib/python3.7/site-packages/tensorflow/python/framework/op_def_library.py:263: colocate_with (from tensorflow.python.framework.ops) is deprecated and will be removed in a future version.
Instructions for updating:
Colocations handled automatically by placer.
INFO:root:Combined Model 
INFO:root:Batch_size 623, epochs 5
WARNING:tensorflow:From /home/taliah/Documents/Course/Project/working/lib/python3.7/site-packages/tensorflow/python/framework/op_def_library.py:263: colocate_with (from tensorflow.python.framework.ops) is deprecated and will be removed in a future version.
Instructions for updating:
Colocations handled automatically by placer.
INFO:root:Combined Model 
INFO:root:Batch_size 623, epochs 5
WARNING:tensorflow:From /home/taliah/Documents/Course/Project/working/lib/python3.7/site-packages/tensorflow/python/framework/op_def_library.py:263: colocate_with (from tensorflow.python.framework.ops) is deprecated and will be removed in a future version.
Instructions for updating:
Colocations handled automatically by placer.
INFO:root:None
WARNING:tensorflow:From /home/taliah/Documents/Course/Project/working/lib/python3.7/site-packages/tensorflow/python/ops/math_ops.py:3066: to_int32 (from tensorflow.python.ops.math_ops) is deprecated and will be removed in a future version.
Instructions for updating:
Use tf.cast instead.
INFO:root:Combined Model 
INFO:root:Batch_size 623, epochs 5
WARNING:tensorflow:From /home/taliah/Documents/Course/Project/working/lib/python3.7/site-packages/tensorflow/python/framework/op_def_library.py:263: colocate_with (from tensorflow.python.framework.ops) is deprecated and will be removed in a future version.
Instructions for updating:
Colocations handled automatically by placer.
INFO:root:None
WARNING:tensorflow:From /home/taliah/Documents/Course/Project/working/lib/python3.7/site-packages/tensorflow/python/ops/math_ops.py:3066: to_int32 (from tensorflow.python.ops.math_ops) is deprecated and will be removed in a future version.
Instructions for updating:
Use tf.cast instead.
INFO:root:Combined Model 
INFO:root:Batch_size 623, epochs 5
WARNING:tensorflow:From /home/taliah/Documents/Course/Project/working/lib/python3.7/site-packages/tensorflow/python/framework/op_def_library.py:263: colocate_with (from tensorflow.python.framework.ops) is deprecated and will be removed in a future version.
Instructions for updating:
Colocations handled automatically by placer.
INFO:root:None
WARNING:tensorflow:From /home/taliah/Documents/Course/Project/working/lib/python3.7/site-packages/tensorflow/python/ops/math_ops.py:3066: to_int32 (from tensorflow.python.ops.math_ops) is deprecated and will be removed in a future version.
Instructions for updating:
Use tf.cast instead.
INFO:root:Combined Model 
INFO:root:Batch_size 623, epochs 5
WARNING:tensorflow:From /home/taliah/Documents/Course/Project/working/lib/python3.7/site-packages/tensorflow/python/framework/op_def_library.py:263: colocate_with (from tensorflow.python.framework.ops) is deprecated and will be removed in a future version.
Instructions for updating:
Colocations handled automatically by placer.
INFO:root:None
WARNING:tensorflow:From /home/taliah/Documents/Course/Project/working/lib/python3.7/site-packages/tensorflow/python/ops/math_ops.py:3066: to_int32 (from tensorflow.python.ops.math_ops) is deprecated and will be removed in a future version.
Instructions for updating:
Use tf.cast instead.
INFO:root:Combined Model 
INFO:root:Batch_size 623, epochs 5
WARNING:tensorflow:From /home/taliah/Documents/Course/Project/working/lib/python3.7/site-packages/tensorflow/python/framework/op_def_library.py:263: colocate_with (from tensorflow.python.framework.ops) is deprecated and will be removed in a future version.
Instructions for updating:
Colocations handled automatically by placer.
INFO:root:Combined Model 
INFO:root:Batch_size 623, epochs 5
WARNING:tensorflow:From /home/taliah/Documents/Course/Project/working/lib/python3.7/site-packages/tensorflow/python/framework/op_def_library.py:263: colocate_with (from tensorflow.python.framework.ops) is deprecated and will be removed in a future version.
Instructions for updating:
Colocations handled automatically by placer.
INFO:root:None
WARNING:tensorflow:From /home/taliah/Documents/Course/Project/working/lib/python3.7/site-packages/tensorflow/python/ops/math_ops.py:3066: to_int32 (from tensorflow.python.ops.math_ops) is deprecated and will be removed in a future version.
Instructions for updating:
Use tf.cast instead.
INFO:root:Combined Model 
INFO:root:Batch_size 623, epochs 5
WARNING:tensorflow:From /home/taliah/Documents/Course/Project/working/lib/python3.7/site-packages/tensorflow/python/framework/op_def_library.py:263: colocate_with (from tensorflow.python.framework.ops) is deprecated and will be removed in a future version.
Instructions for updating:
Colocations handled automatically by placer.
INFO:root:None
WARNING:tensorflow:From /home/taliah/Documents/Course/Project/working/lib/python3.7/site-packages/tensorflow/python/ops/math_ops.py:3066: to_int32 (from tensorflow.python.ops.math_ops) is deprecated and will be removed in a future version.
Instructions for updating:
Use tf.cast instead.
INFO:root:Combined Model 
INFO:root:Batch_size 623, epochs 5
WARNING:tensorflow:From /home/taliah/Documents/Course/Project/working/lib/python3.7/site-packages/tensorflow/python/framework/op_def_library.py:263: colocate_with (from tensorflow.python.framework.ops) is deprecated and will be removed in a future version.
Instructions for updating:
Colocations handled automatically by placer.
INFO:root:None
WARNING:tensorflow:From /home/taliah/Documents/Course/Project/working/lib/python3.7/site-packages/tensorflow/python/ops/math_ops.py:3066: to_int32 (from tensorflow.python.ops.math_ops) is deprecated and will be removed in a future version.
Instructions for updating:
Use tf.cast instead.
INFO:root:Combined Model 
INFO:root:Batch_size 623, epochs 5
WARNING:tensorflow:From /home/taliah/Documents/Course/Project/working/lib/python3.7/site-packages/tensorflow/python/framework/op_def_library.py:263: colocate_with (from tensorflow.python.framework.ops) is deprecated and will be removed in a future version.
Instructions for updating:
Colocations handled automatically by placer.
INFO:root:None
WARNING:tensorflow:From /home/taliah/Documents/Course/Project/working/lib/python3.7/site-packages/tensorflow/python/ops/math_ops.py:3066: to_int32 (from tensorflow.python.ops.math_ops) is deprecated and will be removed in a future version.
Instructions for updating:
Use tf.cast instead.
INFO:root:Combined Model 
INFO:root:Batch_size 623, epochs 5
WARNING:tensorflow:From /home/taliah/Documents/Course/Project/working/lib/python3.7/site-packages/tensorflow/python/framework/op_def_library.py:263: colocate_with (from tensorflow.python.framework.ops) is deprecated and will be removed in a future version.
Instructions for updating:
Colocations handled automatically by placer.
INFO:root:None
WARNING:tensorflow:From /home/taliah/Documents/Course/Project/working/lib/python3.7/site-packages/tensorflow/python/ops/math_ops.py:3066: to_int32 (from tensorflow.python.ops.math_ops) is deprecated and will be removed in a future version.
Instructions for updating:
Use tf.cast instead.
