__________________________________________________________________________________________________
Layer (type)                    Output Shape         Param #     Connected to
==================================================================================================
cnn_input (InputLayer)          (None, 4096)         0
__________________________________________________________________________________________________
reshape_1 (Reshape)             (None, 64, 64, 1)    0           cnn_input[0][0]
__________________________________________________________________________________________________
batch_normalization_1 (BatchNor (None, 64, 64, 1)    4           reshape_1[0][0]
__________________________________________________________________________________________________
conv2d_1 (Conv2D)               (None, 64, 64, 20)   520         batch_normalization_1[0][0]
__________________________________________________________________________________________________
batch_normalization_2 (BatchNor (None, 64, 64, 20)   80          conv2d_1[0][0]
__________________________________________________________________________________________________
max_pooling2d_1 (MaxPooling2D)  (None, 32, 32, 20)   0           batch_normalization_2[0][0]
__________________________________________________________________________________________________
conv2d_2 (Conv2D)               (None, 32, 32, 20)   3620        max_pooling2d_1[0][0]
__________________________________________________________________________________________________
batch_normalization_3 (BatchNor (None, 32, 32, 20)   80          conv2d_2[0][0]
__________________________________________________________________________________________________
max_pooling2d_2 (MaxPooling2D)  (None, 16, 16, 20)   0           batch_normalization_3[0][0]
__________________________________________________________________________________________________
hist_input (InputLayer)         (None, 6272)         0
__________________________________________________________________________________________________
flatten_1 (Flatten)             (None, 5120)         0           max_pooling2d_2[0][0]
__________________________________________________________________________________________________
batch_normalization_4 (BatchNor (None, 6272)         25088       hist_input[0][0]
__________________________________________________________________________________________________
dense_1 (Dense)                 (None, 512)          2621952     flatten_1[0][0]
__________________________________________________________________________________________________
dense_2 (Dense)                 (None, 512)          3211776     batch_normalization_4[0][0]
__________________________________________________________________________________________________
concatenate_1 (Concatenate)     (None, 1024)         0           dense_1[0][0]
                                                                 dense_2[0][0]
__________________________________________________________________________________________________
batch_normalization_5 (BatchNor (None, 1024)         4096        concatenate_1[0][0]
__________________________________________________________________________________________________
reshape_2 (Reshape)             (None, 1, 1024)      0           batch_normalization_5[0][0]
__________________________________________________________________________________________________
lstm_1 (LSTM)                   (None, 256)          1311744     reshape_2[0][0]
__________________________________________________________________________________________________
dense_3 (Dense)                 (None, 1)            257         lstm_1[0][0]
==================================================================================================
Total params: 7,179,217
Trainable params: 7,164,543
Non-trainable params: 14,674
__________________________________________________________________________________________________
WARNING:tensorflow:From /home/taliah/Documents/Course/Project/working/lib/python3.7/site-packages/tensorflow/python/ops/math_ops.py:3066: to_int32 (from tensorflow.python.ops.math_ops) is deprecated and will be removed in a future version.
Instructions for updating:
Use tf.cast instead.
2400/2400 [==============================] - 12110s 5s/step - loss: 0.0862 - acc: 0.9698 - val_loss: 0.2671 - val_acc: 0.9247
1399/2400 [================>.............] - ETA: 1:28:04 - loss: 0.1365 - acc: 0.95
Epoch 00001: val_acc improved from -inf to 0.92469, saving model to fold0.combined.weights.best.hdf5
Epoch 2/5
2400/2400 [==============================] - 11200s 5s/step - loss: 0.0111 - acc: 0.9966 - val_loss: 0.3453 - val_acc: 0.8918

Epoch 00002: val_acc did not improve from 0.92469
Epoch 3/5
 677/2400 [=======>......................] - ETA: 2:04:10 - loss: 0.0291 - acc: 0.9901^CProcess ForkPoolWorker-17:
P
